{"C:\\Universidad\\ProyectoIntegrador\\2026-animal-health-fe\\src\\assets\\images\\all-pets.png": {"path":"C:\\Universidad\\ProyectoIntegrador\\2026-animal-health-fe\\src\\assets\\images\\all-pets.png","statementMap":{},"fnMap":{},"branchMap":{},"s":{},"f":{},"b":{},"meta":{"lastBranch":0,"lastFunction":0,"lastStatement":0,"seen":{},"fnNames":{}}}
,"C:\\Universidad\\ProyectoIntegrador\\2026-animal-health-fe\\src\\assets\\images\\mtajmr-animals-7862112.jpg": {"path":"C:\\Universidad\\ProyectoIntegrador\\2026-animal-health-fe\\src\\assets\\images\\mtajmr-animals-7862112.jpg","statementMap":{},"fnMap":{},"branchMap":{},"s":{},"f":{},"b":{},"meta":{"lastBranch":0,"lastFunction":0,"lastStatement":0,"seen":{},"fnNames":{}}}
,"C:\\Universidad\\ProyectoIntegrador\\2026-animal-health-fe\\src\\assets\\images\\tylijura-veterinarian-8859098.jpg": {"path":"C:\\Universidad\\ProyectoIntegrador\\2026-animal-health-fe\\src\\assets\\images\\tylijura-veterinarian-8859098.jpg","statementMap":{},"fnMap":{},"branchMap":{},"s":{},"f":{},"b":{},"meta":{"lastBranch":0,"lastFunction":0,"lastStatement":0,"seen":{},"fnNames":{}}}
,"C:\\Universidad\\ProyectoIntegrador\\2026-animal-health-fe\\src\\assets\\logos\\LogoAnimalHealth.png": {"path":"C:\\Universidad\\ProyectoIntegrador\\2026-animal-health-fe\\src\\assets\\logos\\LogoAnimalHealth.png","statementMap":{},"fnMap":{},"branchMap":{},"s":{},"f":{},"b":{},"meta":{"lastBranch":0,"lastFunction":0,"lastStatement":0,"seen":{},"fnNames":{}}}
,"C:\\Universidad\\ProyectoIntegrador\\2026-animal-health-fe\\src\\components\\cards\\DiagnosisSummaryCard.jsx": {"path":"C:\\Universidad\\ProyectoIntegrador\\2026-animal-health-fe\\src\\components\\cards\\DiagnosisSummaryCard.jsx","statementMap":{"0":{"start":{"line":4,"column":20},"end":{"line":16,"column":null}},"1":{"start":{"line":19,"column":2},"end":{"line":19,"column":null}},"2":{"start":{"line":19,"column":16},"end":{"line":19,"column":null}},"3":{"start":{"line":20,"column":2},"end":{"line":31,"column":null}},"4":{"start":{"line":21,"column":22},"end":{"line":21,"column":null}},"5":{"start":{"line":22,"column":14},"end":{"line":22,"column":null}},"6":{"start":{"line":23,"column":4},"end":{"line":23,"column":null}},"7":{"start":{"line":23,"column":28},"end":{"line":23,"column":null}},"8":{"start":{"line":24,"column":4},"end":{"line":28,"column":null}},"9":{"start":{"line":30,"column":4},"end":{"line":30,"column":null}},"10":{"start":{"line":35,"column":2},"end":{"line":35,"column":null}},"11":{"start":{"line":35,"column":16},"end":{"line":35,"column":null}},"12":{"start":{"line":36,"column":2},"end":{"line":46,"column":null}},"13":{"start":{"line":37,"column":22},"end":{"line":37,"column":null}},"14":{"start":{"line":38,"column":14},"end":{"line":38,"column":null}},"15":{"start":{"line":39,"column":4},"end":{"line":39,"column":null}},"16":{"start":{"line":39,"column":28},"end":{"line":39,"column":null}},"17":{"start":{"line":40,"column":16},"end":{"line":40,"column":null}},"18":{"start":{"line":41,"column":21},"end":{"line":41,"column":null}},"19":{"start":{"line":42,"column":17},"end":{"line":42,"column":null}},"20":{"start":{"line":43,"column":4},"end":{"line":43,"column":null}},"21":{"start":{"line":45,"column":4},"end":{"line":45,"column":null}},"22":{"start":{"line":50,"column":26},"end":{"line":50,"column":41}},"23":{"start":{"line":51,"column":2},"end":{"line":51,"column":null}},"24":{"start":{"line":51,"column":13},"end":{"line":51,"column":null}},"25":{"start":{"line":54,"column":16},"end":{"line":54,"column":null}},"26":{"start":{"line":55,"column":17},"end":{"line":55,"column":null}},"27":{"start":{"line":56,"column":18},"end":{"line":56,"column":null}},"28":{"start":{"line":57,"column":27},"end":{"line":57,"column":null}},"29":{"start":{"line":60,"column":21},"end":{"line":60,"column":null}},"30":{"start":{"line":61,"column":2},"end":{"line":63,"column":null}},"31":{"start":{"line":62,"column":4},"end":{"line":62,"column":null}},"32":{"start":{"line":62,"column":55},"end":{"line":62,"column":63}},"33":{"start":{"line":64,"column":2},"end":{"line":66,"column":null}},"34":{"start":{"line":65,"column":4},"end":{"line":65,"column":null}},"35":{"start":{"line":65,"column":53},"end":{"line":65,"column":61}},"36":{"start":{"line":67,"column":2},"end":{"line":69,"column":null}},"37":{"start":{"line":68,"column":4},"end":{"line":68,"column":null}},"38":{"start":{"line":72,"column":15},"end":{"line":72,"column":null}},"39":{"start":{"line":73,"column":13},"end":{"line":73,"column":null}},"40":{"start":{"line":74,"column":11},"end":{"line":74,"column":null}},"41":{"start":{"line":75,"column":11},"end":{"line":75,"column":null}},"42":{"start":{"line":77,"column":2},"end":{"line":95,"column":null}},"43":{"start":{"line":78,"column":17},"end":{"line":78,"column":null}},"44":{"start":{"line":79,"column":4},"end":{"line":82,"column":null}},"45":{"start":{"line":80,"column":21},"end":{"line":80,"column":null}},"46":{"start":{"line":81,"column":6},"end":{"line":81,"column":null}},"47":{"start":{"line":81,"column":18},"end":{"line":81,"column":null}},"48":{"start":{"line":83,"column":4},"end":{"line":86,"column":null}},"49":{"start":{"line":84,"column":21},"end":{"line":84,"column":null}},"50":{"start":{"line":85,"column":6},"end":{"line":85,"column":null}},"51":{"start":{"line":85,"column":18},"end":{"line":85,"column":null}},"52":{"start":{"line":87,"column":4},"end":{"line":90,"column":null}},"53":{"start":{"line":88,"column":22},"end":{"line":88,"column":null}},"54":{"start":{"line":89,"column":6},"end":{"line":89,"column":null}},"55":{"start":{"line":89,"column":19},"end":{"line":89,"column":null}},"56":{"start":{"line":91,"column":4},"end":{"line":94,"column":null}},"57":{"start":{"line":92,"column":22},"end":{"line":92,"column":null}},"58":{"start":{"line":93,"column":6},"end":{"line":93,"column":null}},"59":{"start":{"line":93,"column":19},"end":{"line":93,"column":null}},"60":{"start":{"line":98,"column":2},"end":{"line":98,"column":null}},"61":{"start":{"line":98,"column":15},"end":{"line":98,"column":null}},"62":{"start":{"line":99,"column":2},"end":{"line":99,"column":null}},"63":{"start":{"line":99,"column":13},"end":{"line":99,"column":null}},"64":{"start":{"line":100,"column":2},"end":{"line":100,"column":null}},"65":{"start":{"line":100,"column":11},"end":{"line":100,"column":null}},"66":{"start":{"line":101,"column":2},"end":{"line":101,"column":null}},"67":{"start":{"line":101,"column":11},"end":{"line":101,"column":null}},"68":{"start":{"line":104,"column":22},"end":{"line":104,"column":null}},"69":{"start":{"line":107,"column":22},"end":{"line":107,"column":null}},"70":{"start":{"line":108,"column":24},"end":{"line":108,"column":null}},"71":{"start":{"line":109,"column":26},"end":{"line":109,"column":null}},"72":{"start":{"line":111,"column":2},"end":{"line":119,"column":null}},"73":{"start":{"line":112,"column":22},"end":{"line":112,"column":null}},"74":{"start":{"line":113,"column":4},"end":{"line":113,"column":null}},"75":{"start":{"line":113,"column":19},"end":{"line":113,"column":null}},"76":{"start":{"line":114,"column":24},"end":{"line":114,"column":null}},"77":{"start":{"line":115,"column":4},"end":{"line":115,"column":null}},"78":{"start":{"line":115,"column":21},"end":{"line":115,"column":null}},"79":{"start":{"line":116,"column":4},"end":{"line":118,"column":null}},"80":{"start":{"line":117,"column":6},"end":{"line":117,"column":null}},"81":{"start":{"line":121,"column":2},"end":{"line":123,"column":null}},"82":{"start":{"line":122,"column":4},"end":{"line":122,"column":null}},"83":{"start":{"line":125,"column":32},"end":{"line":125,"column":null}},"84":{"start":{"line":126,"column":29},"end":{"line":126,"column":null}},"85":{"start":{"line":128,"column":2},"end":{"line":365,"column":null}},"86":{"start":{"line":200,"column":12},"end":{"line":213,"column":null}},"87":{"start":{"line":264,"column":31},"end":{"line":264,"column":null}},"88":{"start":{"line":266,"column":14},"end":{"line":267,"column":null}},"89":{"start":{"line":269,"column":26},"end":{"line":269,"column":null}},"90":{"start":{"line":270,"column":32},"end":{"line":272,"column":null}},"91":{"start":{"line":274,"column":12},"end":{"line":311,"column":null}}},"fnMap":{"0":{"name":"formatDateDisplay","decl":{"start":{"line":18,"column":9},"end":{"line":18,"column":27}},"loc":{"start":{"line":18,"column":44},"end":{"line":32,"column":null}},"line":18},"1":{"name":"parseFollowUpDateParts","decl":{"start":{"line":34,"column":9},"end":{"line":34,"column":32}},"loc":{"start":{"line":34,"column":49},"end":{"line":47,"column":null}},"line":34},"2":{"name":"DiagnosisSummaryCard","decl":{"start":{"line":49,"column":24},"end":{"line":49,"column":45}},"loc":{"start":{"line":49,"column":55},"end":{"line":367,"column":null}},"line":49},"3":{"name":"(anonymous_3)","decl":{"start":{"line":62,"column":44},"end":{"line":62,"column":49}},"loc":{"start":{"line":62,"column":55},"end":{"line":62,"column":63}},"line":62},"4":{"name":"(anonymous_4)","decl":{"start":{"line":65,"column":42},"end":{"line":65,"column":47}},"loc":{"start":{"line":65,"column":53},"end":{"line":65,"column":61}},"line":65},"5":{"name":"(anonymous_5)","decl":{"start":{"line":199,"column":24},"end":{"line":199,"column":29}},"loc":{"start":{"line":200,"column":12},"end":{"line":213,"column":null}},"line":200},"6":{"name":"(anonymous_6)","decl":{"start":{"line":263,"column":23},"end":{"line":263,"column":28}},"loc":{"start":{"line":263,"column":36},"end":{"line":313,"column":11}},"line":263}},"branchMap":{"0":{"loc":{"start":{"line":19,"column":2},"end":{"line":19,"column":null}},"type":"if","locations":[{"start":{"line":19,"column":2},"end":{"line":19,"column":null}},{"start":{},"end":{}}],"line":19},"1":{"loc":{"start":{"line":21,"column":22},"end":{"line":21,"column":null}},"type":"cond-expr","locations":[{"start":{"line":21,"column":46},"end":{"line":21,"column":56}},{"start":{"line":21,"column":56},"end":{"line":21,"column":null}}],"line":21},"2":{"loc":{"start":{"line":23,"column":4},"end":{"line":23,"column":null}},"type":"if","locations":[{"start":{"line":23,"column":4},"end":{"line":23,"column":null}},{"start":{},"end":{}}],"line":23},"3":{"loc":{"start":{"line":24,"column":35},"end":{"line":24,"column":72}},"type":"cond-expr","locations":[{"start":{"line":24,"column":53},"end":{"line":24,"column":63}},{"start":{"line":24,"column":63},"end":{"line":24,"column":72}}],"line":24},"4":{"loc":{"start":{"line":35,"column":2},"end":{"line":35,"column":null}},"type":"if","locations":[{"start":{"line":35,"column":2},"end":{"line":35,"column":null}},{"start":{},"end":{}}],"line":35},"5":{"loc":{"start":{"line":37,"column":22},"end":{"line":37,"column":null}},"type":"cond-expr","locations":[{"start":{"line":37,"column":46},"end":{"line":37,"column":56}},{"start":{"line":37,"column":56},"end":{"line":37,"column":null}}],"line":37},"6":{"loc":{"start":{"line":39,"column":4},"end":{"line":39,"column":null}},"type":"if","locations":[{"start":{"line":39,"column":4},"end":{"line":39,"column":null}},{"start":{},"end":{}}],"line":39},"7":{"loc":{"start":{"line":41,"column":45},"end":{"line":41,"column":82}},"type":"cond-expr","locations":[{"start":{"line":41,"column":63},"end":{"line":41,"column":73}},{"start":{"line":41,"column":73},"end":{"line":41,"column":82}}],"line":41},"8":{"loc":{"start":{"line":51,"column":2},"end":{"line":51,"column":null}},"type":"if","locations":[{"start":{"line":51,"column":2},"end":{"line":51,"column":null}},{"start":{},"end":{}}],"line":51},"9":{"loc":{"start":{"line":54,"column":16},"end":{"line":54,"column":null}},"type":"binary-expr","locations":[{"start":{"line":54,"column":16},"end":{"line":54,"column":34}},{"start":{"line":54,"column":34},"end":{"line":54,"column":64}},{"start":{"line":54,"column":64},"end":{"line":54,"column":null}}],"line":54},"10":{"loc":{"start":{"line":55,"column":17},"end":{"line":55,"column":null}},"type":"binary-expr","locations":[{"start":{"line":55,"column":17},"end":{"line":55,"column":32}},{"start":{"line":55,"column":32},"end":{"line":55,"column":null}}],"line":55},"11":{"loc":{"start":{"line":56,"column":18},"end":{"line":56,"column":null}},"type":"binary-expr","locations":[{"start":{"line":56,"column":18},"end":{"line":56,"column":44}},{"start":{"line":56,"column":44},"end":{"line":56,"column":65}},{"start":{"line":56,"column":65},"end":{"line":56,"column":null}}],"line":56},"12":{"loc":{"start":{"line":57,"column":45},"end":{"line":57,"column":101}},"type":"binary-expr","locations":[{"start":{"line":57,"column":45},"end":{"line":57,"column":71}},{"start":{"line":57,"column":71},"end":{"line":57,"column":90}},{"start":{"line":57,"column":90},"end":{"line":57,"column":101}}],"line":57},"13":{"loc":{"start":{"line":61,"column":2},"end":{"line":63,"column":null}},"type":"if","locations":[{"start":{"line":61,"column":2},"end":{"line":63,"column":null}},{"start":{},"end":{}}],"line":61},"14":{"loc":{"start":{"line":61,"column":6},"end":{"line":61,"column":58}},"type":"binary-expr","locations":[{"start":{"line":61,"column":6},"end":{"line":61,"column":23}},{"start":{"line":61,"column":23},"end":{"line":61,"column":58}}],"line":61},"15":{"loc":{"start":{"line":64,"column":2},"end":{"line":66,"column":null}},"type":"if","locations":[{"start":{"line":64,"column":2},"end":{"line":66,"column":null}},{"start":{},"end":{}}],"line":64},"16":{"loc":{"start":{"line":64,"column":6},"end":{"line":64,"column":48}},"type":"binary-expr","locations":[{"start":{"line":64,"column":6},"end":{"line":64,"column":35}},{"start":{"line":64,"column":35},"end":{"line":64,"column":48}}],"line":64},"17":{"loc":{"start":{"line":67,"column":2},"end":{"line":69,"column":null}},"type":"if","locations":[{"start":{"line":67,"column":2},"end":{"line":69,"column":null}},{"start":{},"end":{}}],"line":67},"18":{"loc":{"start":{"line":72,"column":15},"end":{"line":72,"column":null}},"type":"binary-expr","locations":[{"start":{"line":72,"column":15},"end":{"line":72,"column":33}},{"start":{"line":72,"column":33},"end":{"line":72,"column":48}},{"start":{"line":72,"column":48},"end":{"line":72,"column":null}}],"line":72},"19":{"loc":{"start":{"line":73,"column":13},"end":{"line":73,"column":null}},"type":"binary-expr","locations":[{"start":{"line":73,"column":13},"end":{"line":73,"column":35}},{"start":{"line":73,"column":35},"end":{"line":73,"column":55}},{"start":{"line":73,"column":55},"end":{"line":73,"column":null}}],"line":73},"20":{"loc":{"start":{"line":74,"column":11},"end":{"line":74,"column":null}},"type":"binary-expr","locations":[{"start":{"line":74,"column":11},"end":{"line":74,"column":34}},{"start":{"line":74,"column":34},"end":{"line":74,"column":53}},{"start":{"line":74,"column":53},"end":{"line":74,"column":null}}],"line":74},"21":{"loc":{"start":{"line":75,"column":11},"end":{"line":75,"column":null}},"type":"binary-expr","locations":[{"start":{"line":75,"column":11},"end":{"line":75,"column":40}},{"start":{"line":75,"column":40},"end":{"line":75,"column":65}},{"start":{"line":75,"column":65},"end":{"line":75,"column":null}}],"line":75},"22":{"loc":{"start":{"line":77,"column":2},"end":{"line":95,"column":null}},"type":"if","locations":[{"start":{"line":77,"column":2},"end":{"line":95,"column":null}},{"start":{},"end":{}}],"line":77},"23":{"loc":{"start":{"line":77,"column":6},"end":{"line":77,"column":68}},"type":"binary-expr","locations":[{"start":{"line":77,"column":6},"end":{"line":77,"column":28}},{"start":{"line":77,"column":28},"end":{"line":77,"column":68}}],"line":77},"24":{"loc":{"start":{"line":79,"column":4},"end":{"line":82,"column":null}},"type":"if","locations":[{"start":{"line":79,"column":4},"end":{"line":82,"column":null}},{"start":{},"end":{}}],"line":79},"25":{"loc":{"start":{"line":80,"column":21},"end":{"line":80,"column":null}},"type":"binary-expr","locations":[{"start":{"line":80,"column":21},"end":{"line":80,"column":61}},{"start":{"line":80,"column":61},"end":{"line":80,"column":null}}],"line":80},"26":{"loc":{"start":{"line":81,"column":6},"end":{"line":81,"column":null}},"type":"if","locations":[{"start":{"line":81,"column":6},"end":{"line":81,"column":null}},{"start":{},"end":{}}],"line":81},"27":{"loc":{"start":{"line":83,"column":4},"end":{"line":86,"column":null}},"type":"if","locations":[{"start":{"line":83,"column":4},"end":{"line":86,"column":null}},{"start":{},"end":{}}],"line":83},"28":{"loc":{"start":{"line":84,"column":21},"end":{"line":84,"column":null}},"type":"binary-expr","locations":[{"start":{"line":84,"column":21},"end":{"line":84,"column":64}},{"start":{"line":84,"column":64},"end":{"line":84,"column":null}}],"line":84},"29":{"loc":{"start":{"line":85,"column":6},"end":{"line":85,"column":null}},"type":"if","locations":[{"start":{"line":85,"column":6},"end":{"line":85,"column":null}},{"start":{},"end":{}}],"line":85},"30":{"loc":{"start":{"line":87,"column":4},"end":{"line":90,"column":null}},"type":"if","locations":[{"start":{"line":87,"column":4},"end":{"line":90,"column":null}},{"start":{},"end":{}}],"line":87},"31":{"loc":{"start":{"line":88,"column":22},"end":{"line":88,"column":null}},"type":"binary-expr","locations":[{"start":{"line":88,"column":22},"end":{"line":88,"column":56}},{"start":{"line":88,"column":56},"end":{"line":88,"column":null}}],"line":88},"32":{"loc":{"start":{"line":89,"column":6},"end":{"line":89,"column":null}},"type":"if","locations":[{"start":{"line":89,"column":6},"end":{"line":89,"column":null}},{"start":{},"end":{}}],"line":89},"33":{"loc":{"start":{"line":91,"column":4},"end":{"line":94,"column":null}},"type":"if","locations":[{"start":{"line":91,"column":4},"end":{"line":94,"column":null}},{"start":{},"end":{}}],"line":91},"34":{"loc":{"start":{"line":92,"column":22},"end":{"line":92,"column":null}},"type":"binary-expr","locations":[{"start":{"line":92,"column":22},"end":{"line":92,"column":56}},{"start":{"line":92,"column":56},"end":{"line":92,"column":null}}],"line":92},"35":{"loc":{"start":{"line":93,"column":6},"end":{"line":93,"column":null}},"type":"if","locations":[{"start":{"line":93,"column":6},"end":{"line":93,"column":null}},{"start":{},"end":{}}],"line":93},"36":{"loc":{"start":{"line":98,"column":2},"end":{"line":98,"column":null}},"type":"if","locations":[{"start":{"line":98,"column":2},"end":{"line":98,"column":null}},{"start":{},"end":{}}],"line":98},"37":{"loc":{"start":{"line":99,"column":2},"end":{"line":99,"column":null}},"type":"if","locations":[{"start":{"line":99,"column":2},"end":{"line":99,"column":null}},{"start":{},"end":{}}],"line":99},"38":{"loc":{"start":{"line":100,"column":2},"end":{"line":100,"column":null}},"type":"if","locations":[{"start":{"line":100,"column":2},"end":{"line":100,"column":null}},{"start":{},"end":{}}],"line":100},"39":{"loc":{"start":{"line":101,"column":2},"end":{"line":101,"column":null}},"type":"if","locations":[{"start":{"line":101,"column":2},"end":{"line":101,"column":null}},{"start":{},"end":{}}],"line":101},"40":{"loc":{"start":{"line":104,"column":22},"end":{"line":104,"column":null}},"type":"binary-expr","locations":[{"start":{"line":104,"column":22},"end":{"line":104,"column":43}},{"start":{"line":104,"column":43},"end":{"line":104,"column":null}}],"line":104},"41":{"loc":{"start":{"line":107,"column":22},"end":{"line":107,"column":null}},"type":"binary-expr","locations":[{"start":{"line":107,"column":22},"end":{"line":107,"column":40}},{"start":{"line":107,"column":40},"end":{"line":107,"column":62}},{"start":{"line":107,"column":62},"end":{"line":107,"column":89}},{"start":{"line":107,"column":89},"end":{"line":107,"column":null}}],"line":107},"42":{"loc":{"start":{"line":108,"column":24},"end":{"line":108,"column":null}},"type":"binary-expr","locations":[{"start":{"line":108,"column":24},"end":{"line":108,"column":47}},{"start":{"line":108,"column":47},"end":{"line":108,"column":null}}],"line":108},"43":{"loc":{"start":{"line":109,"column":26},"end":{"line":109,"column":null}},"type":"binary-expr","locations":[{"start":{"line":109,"column":26},"end":{"line":109,"column":51}},{"start":{"line":109,"column":51},"end":{"line":109,"column":null}}],"line":109},"44":{"loc":{"start":{"line":111,"column":2},"end":{"line":119,"column":null}},"type":"if","locations":[{"start":{"line":111,"column":2},"end":{"line":119,"column":null}},{"start":{},"end":{}}],"line":111},"45":{"loc":{"start":{"line":111,"column":6},"end":{"line":111,"column":60}},"type":"binary-expr","locations":[{"start":{"line":111,"column":6},"end":{"line":111,"column":24}},{"start":{"line":111,"column":24},"end":{"line":111,"column":60}}],"line":111},"46":{"loc":{"start":{"line":113,"column":4},"end":{"line":113,"column":null}},"type":"if","locations":[{"start":{"line":113,"column":4},"end":{"line":113,"column":null}},{"start":{},"end":{}}],"line":113},"47":{"loc":{"start":{"line":115,"column":4},"end":{"line":115,"column":null}},"type":"if","locations":[{"start":{"line":115,"column":4},"end":{"line":115,"column":null}},{"start":{},"end":{}}],"line":115},"48":{"loc":{"start":{"line":116,"column":4},"end":{"line":118,"column":null}},"type":"if","locations":[{"start":{"line":116,"column":4},"end":{"line":118,"column":null}},{"start":{},"end":{}}],"line":116},"49":{"loc":{"start":{"line":116,"column":8},"end":{"line":116,"column":78}},"type":"binary-expr","locations":[{"start":{"line":116,"column":8},"end":{"line":116,"column":26}},{"start":{"line":116,"column":26},"end":{"line":116,"column":44}},{"start":{"line":116,"column":44},"end":{"line":116,"column":78}}],"line":116},"50":{"loc":{"start":{"line":121,"column":2},"end":{"line":123,"column":null}},"type":"if","locations":[{"start":{"line":121,"column":2},"end":{"line":123,"column":null}},{"start":{},"end":{}}],"line":121},"51":{"loc":{"start":{"line":125,"column":32},"end":{"line":125,"column":null}},"type":"binary-expr","locations":[{"start":{"line":125,"column":32},"end":{"line":125,"column":53}},{"start":{"line":125,"column":53},"end":{"line":125,"column":null}}],"line":125},"52":{"loc":{"start":{"line":126,"column":52},"end":{"line":126,"column":95}},"type":"binary-expr","locations":[{"start":{"line":126,"column":52},"end":{"line":126,"column":71}},{"start":{"line":126,"column":71},"end":{"line":126,"column":95}}],"line":126},"53":{"loc":{"start":{"line":164,"column":71},"end":{"line":164,"column":126}},"type":"binary-expr","locations":[{"start":{"line":164,"column":71},"end":{"line":164,"column":106}},{"start":{"line":164,"column":106},"end":{"line":164,"column":126}}],"line":164},"54":{"loc":{"start":{"line":168,"column":71},"end":{"line":168,"column":116}},"type":"binary-expr","locations":[{"start":{"line":168,"column":71},"end":{"line":168,"column":102}},{"start":{"line":168,"column":102},"end":{"line":168,"column":116}}],"line":168},"55":{"loc":{"start":{"line":188,"column":13},"end":{"line":188,"column":null}},"type":"binary-expr","locations":[{"start":{"line":188,"column":13},"end":{"line":188,"column":48}},{"start":{"line":188,"column":48},"end":{"line":188,"column":null}}],"line":188},"56":{"loc":{"start":{"line":196,"column":11},"end":{"line":196,"column":null}},"type":"binary-expr","locations":[{"start":{"line":196,"column":11},"end":{"line":196,"column":40}},{"start":{"line":196,"column":40},"end":{"line":196,"column":null}}],"line":196},"57":{"loc":{"start":{"line":232,"column":88},"end":{"line":232,"column":130}},"type":"binary-expr","locations":[{"start":{"line":232,"column":88},"end":{"line":232,"column":118}},{"start":{"line":232,"column":118},"end":{"line":232,"column":130}}],"line":232},"58":{"loc":{"start":{"line":239,"column":88},"end":{"line":239,"column":135}},"type":"binary-expr","locations":[{"start":{"line":239,"column":88},"end":{"line":239,"column":116}},{"start":{"line":239,"column":116},"end":{"line":239,"column":135}}],"line":239},"59":{"loc":{"start":{"line":260,"column":11},"end":{"line":260,"column":null}},"type":"binary-expr","locations":[{"start":{"line":260,"column":11},"end":{"line":260,"column":46}},{"start":{"line":260,"column":46},"end":{"line":260,"column":null}}],"line":260},"60":{"loc":{"start":{"line":266,"column":14},"end":{"line":267,"column":null}},"type":"binary-expr","locations":[{"start":{"line":266,"column":14},"end":{"line":266,"column":null}},{"start":{"line":267,"column":15},"end":{"line":267,"column":30}},{"start":{"line":267,"column":30},"end":{"line":267,"column":58}},{"start":{"line":267,"column":58},"end":{"line":267,"column":104}},{"start":{"line":267,"column":104},"end":{"line":267,"column":null}}],"line":266},"61":{"loc":{"start":{"line":269,"column":26},"end":{"line":269,"column":null}},"type":"cond-expr","locations":[{"start":{"line":269,"column":46},"end":{"line":269,"column":60}},{"start":{"line":269,"column":60},"end":{"line":269,"column":null}}],"line":269},"62":{"loc":{"start":{"line":270,"column":32},"end":{"line":272,"column":null}},"type":"cond-expr","locations":[{"start":{"line":271,"column":17},"end":{"line":271,"column":null}},{"start":{"line":272,"column":17},"end":{"line":272,"column":null}}],"line":270},"63":{"loc":{"start":{"line":271,"column":17},"end":{"line":271,"column":null}},"type":"binary-expr","locations":[{"start":{"line":271,"column":17},"end":{"line":271,"column":56}},{"start":{"line":271,"column":56},"end":{"line":271,"column":null}}],"line":271},"64":{"loc":{"start":{"line":272,"column":17},"end":{"line":272,"column":null}},"type":"binary-expr","locations":[{"start":{"line":272,"column":17},"end":{"line":272,"column":55}},{"start":{"line":272,"column":55},"end":{"line":272,"column":null}}],"line":272},"65":{"loc":{"start":{"line":281,"column":35},"end":{"line":281,"column":null}},"type":"cond-expr","locations":[{"start":{"line":281,"column":48},"end":{"line":281,"column":60}},{"start":{"line":281,"column":60},"end":{"line":281,"column":null}}],"line":281},"66":{"loc":{"start":{"line":282,"column":26},"end":{"line":282,"column":null}},"type":"cond-expr","locations":[{"start":{"line":282,"column":39},"end":{"line":282,"column":61}},{"start":{"line":282,"column":61},"end":{"line":282,"column":null}}],"line":282},"67":{"loc":{"start":{"line":283,"column":32},"end":{"line":283,"column":null}},"type":"cond-expr","locations":[{"start":{"line":283,"column":45},"end":{"line":283,"column":56}},{"start":{"line":283,"column":56},"end":{"line":283,"column":null}}],"line":283},"68":{"loc":{"start":{"line":284,"column":27},"end":{"line":284,"column":null}},"type":"cond-expr","locations":[{"start":{"line":284,"column":40},"end":{"line":284,"column":59}},{"start":{"line":284,"column":59},"end":{"line":284,"column":null}}],"line":284},"69":{"loc":{"start":{"line":293,"column":39},"end":{"line":293,"column":null}},"type":"cond-expr","locations":[{"start":{"line":293,"column":52},"end":{"line":293,"column":64}},{"start":{"line":293,"column":64},"end":{"line":293,"column":null}}],"line":293},"70":{"loc":{"start":{"line":298,"column":60},"end":{"line":298,"column":96}},"type":"cond-expr","locations":[{"start":{"line":298,"column":73},"end":{"line":298,"column":85}},{"start":{"line":298,"column":85},"end":{"line":298,"column":96}}],"line":298},"71":{"loc":{"start":{"line":298,"column":108},"end":{"line":298,"column":135}},"type":"cond-expr","locations":[{"start":{"line":298,"column":121},"end":{"line":298,"column":129}},{"start":{"line":298,"column":129},"end":{"line":298,"column":135}}],"line":298},"72":{"loc":{"start":{"line":306,"column":27},"end":{"line":306,"column":null}},"type":"cond-expr","locations":[{"start":{"line":306,"column":40},"end":{"line":306,"column":52}},{"start":{"line":306,"column":52},"end":{"line":306,"column":null}}],"line":306},"73":{"loc":{"start":{"line":331,"column":13},"end":{"line":331,"column":null}},"type":"binary-expr","locations":[{"start":{"line":331,"column":13},"end":{"line":331,"column":48}},{"start":{"line":331,"column":48},"end":{"line":331,"column":null}}],"line":331},"74":{"loc":{"start":{"line":335,"column":13},"end":{"line":338,"column":null}},"type":"binary-expr","locations":[{"start":{"line":335,"column":13},"end":{"line":335,"column":null}},{"start":{"line":336,"column":14},"end":{"line":338,"column":null}}],"line":335},"75":{"loc":{"start":{"line":343,"column":9},"end":{"line":364,"column":null}},"type":"binary-expr","locations":[{"start":{"line":343,"column":9},"end":{"line":343,"column":null}},{"start":{"line":344,"column":10},"end":{"line":364,"column":null}}],"line":343}},"s":{"0":3,"1":3,"2":1,"3":2,"4":2,"5":3,"6":3,"7":0,"8":2,"9":0,"10":3,"11":2,"12":1,"13":1,"14":3,"15":3,"16":0,"17":1,"18":1,"19":3,"20":3,"21":0,"22":3,"23":3,"24":0,"25":3,"26":3,"27":3,"28":3,"29":3,"30":3,"31":1,"32":1,"33":3,"34":1,"35":3,"36":3,"37":1,"38":3,"39":3,"40":3,"41":3,"42":3,"43":1,"44":1,"45":1,"46":1,"47":0,"48":1,"49":1,"50":1,"51":0,"52":1,"53":1,"54":1,"55":0,"56":1,"57":1,"58":1,"59":0,"60":3,"61":2,"62":3,"63":2,"64":3,"65":2,"66":3,"67":2,"68":3,"69":3,"70":3,"71":3,"72":3,"73":1,"74":1,"75":0,"76":1,"77":1,"78":0,"79":1,"80":0,"81":3,"82":1,"83":3,"84":3,"85":3,"86":7,"87":33,"88":33,"89":33,"90":33,"91":33},"f":{"0":3,"1":3,"2":3,"3":1,"4":3,"5":7,"6":33},"b":{"0":[1,2],"1":[0,2],"2":[0,3],"3":[2,0],"4":[2,1],"5":[0,1],"6":[0,3],"7":[1,0],"8":[0,3],"9":[3,0,0],"10":[3,0],"11":[3,1,1],"12":[3,2,1],"13":[1,2],"14":[3,1],"15":[1,2],"16":[3,2],"17":[1,2],"18":[3,2,2],"19":[3,2,2],"20":[3,2,2],"21":[3,2,2],"22":[1,2],"23":[3,1],"24":[1,0],"25":[1,1],"26":[0,1],"27":[1,0],"28":[1,1],"29":[0,1],"30":[1,0],"31":[1,1],"32":[0,1],"33":[1,0],"34":[1,1],"35":[0,1],"36":[2,1],"37":[2,1],"38":[2,1],"39":[2,1],"40":[3,2],"41":[3,1,1,1],"42":[3,2],"43":[3,2],"44":[1,2],"45":[3,1],"46":[0,1],"47":[0,1],"48":[0,1],"49":[1,0,0],"50":[1,2],"51":[3,2],"52":[3,2],"53":[3,0],"54":[3,0],"55":[3,0],"56":[3,0],"57":[3,0],"58":[3,0],"59":[3,0],"60":[33,32,31,2,2],"61":[33,0],"62":[3,30],"63":[3,0],"64":[30,0],"65":[3,30],"66":[3,30],"67":[3,30],"68":[3,30],"69":[3,30],"70":[3,30],"71":[3,30],"72":[3,30],"73":[3,0],"74":[3,3],"75":[3,3]},"meta":{"lastBranch":76,"lastFunction":7,"lastStatement":92,"seen":{"s:4:20:16:Infinity":0,"f:18:9:18:27":0,"b:19:2:19:Infinity:undefined:undefined:undefined:undefined":0,"s:19:2:19:Infinity":1,"s:19:16:19:Infinity":2,"s:20:2:31:Infinity":3,"s:21:22:21:Infinity":4,"b:21:46:21:56:21:56:21:Infinity":1,"s:22:14:22:Infinity":5,"b:23:4:23:Infinity:undefined:undefined:undefined:undefined":2,"s:23:4:23:Infinity":6,"s:23:28:23:Infinity":7,"s:24:4:28:Infinity":8,"b:24:53:24:63:24:63:24:72":3,"s:30:4:30:Infinity":9,"f:34:9:34:32":1,"b:35:2:35:Infinity:undefined:undefined:undefined:undefined":4,"s:35:2:35:Infinity":10,"s:35:16:35:Infinity":11,"s:36:2:46:Infinity":12,"s:37:22:37:Infinity":13,"b:37:46:37:56:37:56:37:Infinity":5,"s:38:14:38:Infinity":14,"b:39:4:39:Infinity:undefined:undefined:undefined:undefined":6,"s:39:4:39:Infinity":15,"s:39:28:39:Infinity":16,"s:40:16:40:Infinity":17,"s:41:21:41:Infinity":18,"b:41:63:41:73:41:73:41:82":7,"s:42:17:42:Infinity":19,"s:43:4:43:Infinity":20,"s:45:4:45:Infinity":21,"f:49:24:49:45":2,"s:50:26:50:41":22,"b:51:2:51:Infinity:undefined:undefined:undefined:undefined":8,"s:51:2:51:Infinity":23,"s:51:13:51:Infinity":24,"s:54:16:54:Infinity":25,"b:54:16:54:34:54:34:54:64:54:64:54:Infinity":9,"s:55:17:55:Infinity":26,"b:55:17:55:32:55:32:55:Infinity":10,"s:56:18:56:Infinity":27,"b:56:18:56:44:56:44:56:65:56:65:56:Infinity":11,"s:57:27:57:Infinity":28,"b:57:45:57:71:57:71:57:90:57:90:57:101":12,"s:60:21:60:Infinity":29,"b:61:2:63:Infinity:undefined:undefined:undefined:undefined":13,"s:61:2:63:Infinity":30,"b:61:6:61:23:61:23:61:58":14,"s:62:4:62:Infinity":31,"f:62:44:62:49":3,"s:62:55:62:63":32,"b:64:2:66:Infinity:undefined:undefined:undefined:undefined":15,"s:64:2:66:Infinity":33,"b:64:6:64:35:64:35:64:48":16,"s:65:4:65:Infinity":34,"f:65:42:65:47":4,"s:65:53:65:61":35,"b:67:2:69:Infinity:undefined:undefined:undefined:undefined":17,"s:67:2:69:Infinity":36,"s:68:4:68:Infinity":37,"s:72:15:72:Infinity":38,"b:72:15:72:33:72:33:72:48:72:48:72:Infinity":18,"s:73:13:73:Infinity":39,"b:73:13:73:35:73:35:73:55:73:55:73:Infinity":19,"s:74:11:74:Infinity":40,"b:74:11:74:34:74:34:74:53:74:53:74:Infinity":20,"s:75:11:75:Infinity":41,"b:75:11:75:40:75:40:75:65:75:65:75:Infinity":21,"b:77:2:95:Infinity:undefined:undefined:undefined:undefined":22,"s:77:2:95:Infinity":42,"b:77:6:77:28:77:28:77:68":23,"s:78:17:78:Infinity":43,"b:79:4:82:Infinity:undefined:undefined:undefined:undefined":24,"s:79:4:82:Infinity":44,"s:80:21:80:Infinity":45,"b:80:21:80:61:80:61:80:Infinity":25,"b:81:6:81:Infinity:undefined:undefined:undefined:undefined":26,"s:81:6:81:Infinity":46,"s:81:18:81:Infinity":47,"b:83:4:86:Infinity:undefined:undefined:undefined:undefined":27,"s:83:4:86:Infinity":48,"s:84:21:84:Infinity":49,"b:84:21:84:64:84:64:84:Infinity":28,"b:85:6:85:Infinity:undefined:undefined:undefined:undefined":29,"s:85:6:85:Infinity":50,"s:85:18:85:Infinity":51,"b:87:4:90:Infinity:undefined:undefined:undefined:undefined":30,"s:87:4:90:Infinity":52,"s:88:22:88:Infinity":53,"b:88:22:88:56:88:56:88:Infinity":31,"b:89:6:89:Infinity:undefined:undefined:undefined:undefined":32,"s:89:6:89:Infinity":54,"s:89:19:89:Infinity":55,"b:91:4:94:Infinity:undefined:undefined:undefined:undefined":33,"s:91:4:94:Infinity":56,"s:92:22:92:Infinity":57,"b:92:22:92:56:92:56:92:Infinity":34,"b:93:6:93:Infinity:undefined:undefined:undefined:undefined":35,"s:93:6:93:Infinity":58,"s:93:19:93:Infinity":59,"b:98:2:98:Infinity:undefined:undefined:undefined:undefined":36,"s:98:2:98:Infinity":60,"s:98:15:98:Infinity":61,"b:99:2:99:Infinity:undefined:undefined:undefined:undefined":37,"s:99:2:99:Infinity":62,"s:99:13:99:Infinity":63,"b:100:2:100:Infinity:undefined:undefined:undefined:undefined":38,"s:100:2:100:Infinity":64,"s:100:11:100:Infinity":65,"b:101:2:101:Infinity:undefined:undefined:undefined:undefined":39,"s:101:2:101:Infinity":66,"s:101:11:101:Infinity":67,"s:104:22:104:Infinity":68,"b:104:22:104:43:104:43:104:Infinity":40,"s:107:22:107:Infinity":69,"b:107:22:107:40:107:40:107:62:107:62:107:89:107:89:107:Infinity":41,"s:108:24:108:Infinity":70,"b:108:24:108:47:108:47:108:Infinity":42,"s:109:26:109:Infinity":71,"b:109:26:109:51:109:51:109:Infinity":43,"b:111:2:119:Infinity:undefined:undefined:undefined:undefined":44,"s:111:2:119:Infinity":72,"b:111:6:111:24:111:24:111:60":45,"s:112:22:112:Infinity":73,"b:113:4:113:Infinity:undefined:undefined:undefined:undefined":46,"s:113:4:113:Infinity":74,"s:113:19:113:Infinity":75,"s:114:24:114:Infinity":76,"b:115:4:115:Infinity:undefined:undefined:undefined:undefined":47,"s:115:4:115:Infinity":77,"s:115:21:115:Infinity":78,"b:116:4:118:Infinity:undefined:undefined:undefined:undefined":48,"s:116:4:118:Infinity":79,"b:116:8:116:26:116:26:116:44:116:44:116:78":49,"s:117:6:117:Infinity":80,"b:121:2:123:Infinity:undefined:undefined:undefined:undefined":50,"s:121:2:123:Infinity":81,"s:122:4:122:Infinity":82,"s:125:32:125:Infinity":83,"b:125:32:125:53:125:53:125:Infinity":51,"s:126:29:126:Infinity":84,"b:126:52:126:71:126:71:126:95":52,"s:128:2:365:Infinity":85,"b:164:71:164:106:164:106:164:126":53,"b:168:71:168:102:168:102:168:116":54,"b:188:13:188:48:188:48:188:Infinity":55,"b:196:11:196:40:196:40:196:Infinity":56,"f:199:24:199:29":5,"s:200:12:213:Infinity":86,"b:232:88:232:118:232:118:232:130":57,"b:239:88:239:116:239:116:239:135":58,"b:260:11:260:46:260:46:260:Infinity":59,"f:263:23:263:28":6,"s:264:31:264:Infinity":87,"s:266:14:267:Infinity":88,"b:266:14:266:Infinity:267:15:267:30:267:30:267:58:267:58:267:104:267:104:267:Infinity":60,"s:269:26:269:Infinity":89,"b:269:46:269:60:269:60:269:Infinity":61,"s:270:32:272:Infinity":90,"b:271:17:271:Infinity:272:17:272:Infinity":62,"b:271:17:271:56:271:56:271:Infinity":63,"b:272:17:272:55:272:55:272:Infinity":64,"s:274:12:311:Infinity":91,"b:281:48:281:60:281:60:281:Infinity":65,"b:282:39:282:61:282:61:282:Infinity":66,"b:283:45:283:56:283:56:283:Infinity":67,"b:284:40:284:59:284:59:284:Infinity":68,"b:293:52:293:64:293:64:293:Infinity":69,"b:298:73:298:85:298:85:298:96":70,"b:298:121:298:129:298:129:298:135":71,"b:306:40:306:52:306:52:306:Infinity":72,"b:331:13:331:48:331:48:331:Infinity":73,"b:335:13:335:Infinity:336:14:338:Infinity":74,"b:343:9:343:Infinity:344:10:364:Infinity":75},"fnNames":{}}}
,"C:\\Universidad\\ProyectoIntegrador\\2026-animal-health-fe\\src\\components\\common\\Button.jsx": {"path":"C:\\Universidad\\ProyectoIntegrador\\2026-animal-health-fe\\src\\components\\common\\Button.jsx","statementMap":{"0":{"start":{"line":7,"column":17},"end":{"line":16,"column":null}},"1":{"start":{"line":18,"column":14},"end":{"line":22,"column":null}},"2":{"start":{"line":42,"column":2},"end":{"line":81,"column":null}}},"fnMap":{"0":{"name":"Button","decl":{"start":{"line":33,"column":24},"end":{"line":33,"column":31}},"loc":{"start":{"line":41,"column":3},"end":{"line":83,"column":null}},"line":41}},"branchMap":{"0":{"loc":{"start":{"line":34,"column":2},"end":{"line":34,"column":null}},"type":"default-arg","locations":[{"start":{"line":34,"column":12},"end":{"line":34,"column":null}}],"line":34},"1":{"loc":{"start":{"line":35,"column":2},"end":{"line":35,"column":null}},"type":"default-arg","locations":[{"start":{"line":35,"column":9},"end":{"line":35,"column":null}}],"line":35},"2":{"loc":{"start":{"line":36,"column":2},"end":{"line":36,"column":null}},"type":"default-arg","locations":[{"start":{"line":36,"column":14},"end":{"line":36,"column":null}}],"line":36},"3":{"loc":{"start":{"line":37,"column":2},"end":{"line":37,"column":null}},"type":"default-arg","locations":[{"start":{"line":37,"column":13},"end":{"line":37,"column":null}}],"line":37},"4":{"loc":{"start":{"line":38,"column":2},"end":{"line":38,"column":null}},"type":"default-arg","locations":[{"start":{"line":38,"column":14},"end":{"line":38,"column":null}}],"line":38},"5":{"loc":{"start":{"line":44,"column":16},"end":{"line":44,"column":null}},"type":"binary-expr","locations":[{"start":{"line":44,"column":16},"end":{"line":44,"column":28}},{"start":{"line":44,"column":28},"end":{"line":44,"column":null}}],"line":44},"6":{"loc":{"start":{"line":57,"column":7},"end":{"line":80,"column":null}},"type":"binary-expr","locations":[{"start":{"line":57,"column":7},"end":{"line":57,"column":null}},{"start":{"line":58,"column":8},"end":{"line":80,"column":null}}],"line":57}},"s":{"0":8,"1":8,"2":1194},"f":{"0":1194},"b":{"0":[1194],"1":[1194],"2":[1194],"3":[1194],"4":[1194],"5":[1194,1190],"6":[1194,5]},"meta":{"lastBranch":7,"lastFunction":1,"lastStatement":3,"seen":{"s:7:17:16:Infinity":0,"s:18:14:22:Infinity":1,"f:33:24:33:31":0,"b:34:12:34:Infinity":0,"b:35:9:35:Infinity":1,"b:36:14:36:Infinity":2,"b:37:13:37:Infinity":3,"b:38:14:38:Infinity":4,"s:42:2:81:Infinity":2,"b:44:16:44:28:44:28:44:Infinity":5,"b:57:7:57:Infinity:58:8:80:Infinity":6},"fnNames":{}}}
,"C:\\Universidad\\ProyectoIntegrador\\2026-animal-health-fe\\src\\components\\common\\Input.jsx": {"path":"C:\\Universidad\\ProyectoIntegrador\\2026-animal-health-fe\\src\\components\\common\\Input.jsx","statementMap":{"0":{"start":{"line":3,"column":14},"end":{"line":47,"column":null}},"1":{"start":{"line":16,"column":2},"end":{"line":45,"column":null}}},"fnMap":{"0":{"name":"Input","decl":{"start":{"line":3,"column":34},"end":{"line":3,"column":null}},"loc":{"start":{"line":15,"column":2},"end":{"line":47,"column":1}},"line":15}},"branchMap":{"0":{"loc":{"start":{"line":8,"column":4},"end":{"line":8,"column":null}},"type":"default-arg","locations":[{"start":{"line":8,"column":15},"end":{"line":8,"column":null}}],"line":8},"1":{"loc":{"start":{"line":9,"column":4},"end":{"line":9,"column":null}},"type":"default-arg","locations":[{"start":{"line":9,"column":16},"end":{"line":9,"column":null}}],"line":9},"2":{"loc":{"start":{"line":10,"column":4},"end":{"line":10,"column":null}},"type":"default-arg","locations":[{"start":{"line":10,"column":21},"end":{"line":10,"column":null}}],"line":10},"3":{"loc":{"start":{"line":11,"column":4},"end":{"line":11,"column":null}},"type":"default-arg","locations":[{"start":{"line":11,"column":25},"end":{"line":11,"column":null}}],"line":11},"4":{"loc":{"start":{"line":18,"column":7},"end":{"line":25,"column":null}},"type":"binary-expr","locations":[{"start":{"line":18,"column":7},"end":{"line":18,"column":null}},{"start":{"line":19,"column":8},"end":{"line":25,"column":null}}],"line":18},"5":{"loc":{"start":{"line":24,"column":11},"end":{"line":25,"column":null}},"type":"binary-expr","locations":[{"start":{"line":24,"column":11},"end":{"line":24,"column":23}},{"start":{"line":24,"column":23},"end":{"line":25,"column":null}}],"line":24},"6":{"loc":{"start":{"line":32,"column":26},"end":{"line":32,"column":null}},"type":"cond-expr","locations":[{"start":{"line":32,"column":34},"end":{"line":32,"column":50}},{"start":{"line":32,"column":50},"end":{"line":32,"column":null}}],"line":32},"7":{"loc":{"start":{"line":35,"column":10},"end":{"line":35,"column":null}},"type":"cond-expr","locations":[{"start":{"line":35,"column":18},"end":{"line":35,"column":41}},{"start":{"line":35,"column":41},"end":{"line":35,"column":null}}],"line":35},"8":{"loc":{"start":{"line":40,"column":7},"end":{"line":43,"column":null}},"type":"binary-expr","locations":[{"start":{"line":40,"column":7},"end":{"line":40,"column":null}},{"start":{"line":41,"column":8},"end":{"line":43,"column":null}}],"line":40}},"s":{"0":4,"1":291},"f":{"0":291},"b":{"0":[291],"1":[291],"2":[291],"3":[291],"4":[291,291],"5":[291,291],"6":[4,287],"7":[4,287],"8":[291,4]},"meta":{"lastBranch":9,"lastFunction":1,"lastStatement":2,"seen":{"s:3:14:47:Infinity":0,"f:3:34:3:Infinity":0,"b:8:15:8:Infinity":0,"b:9:16:9:Infinity":1,"b:10:21:10:Infinity":2,"b:11:25:11:Infinity":3,"s:16:2:45:Infinity":1,"b:18:7:18:Infinity:19:8:25:Infinity":4,"b:24:11:24:23:24:23:25:Infinity":5,"b:32:34:32:50:32:50:32:Infinity":6,"b:35:18:35:41:35:41:35:Infinity":7,"b:40:7:40:Infinity:41:8:43:Infinity":8},"fnNames":{}}}
,"C:\\Universidad\\ProyectoIntegrador\\2026-animal-health-fe\\src\\components\\common\\Loader.jsx": {"path":"C:\\Universidad\\ProyectoIntegrador\\2026-animal-health-fe\\src\\components\\common\\Loader.jsx","statementMap":{"0":{"start":{"line":2,"column":2},"end":{"line":8,"column":null}}},"fnMap":{"0":{"name":"Loader","decl":{"start":{"line":1,"column":24},"end":{"line":1,"column":31}},"loc":{"start":{"line":1,"column":57},"end":{"line":10,"column":null}},"line":1}},"branchMap":{"0":{"loc":{"start":{"line":1,"column":33},"end":{"line":1,"column":57}},"type":"default-arg","locations":[{"start":{"line":1,"column":41},"end":{"line":1,"column":57}}],"line":1}},"s":{"0":1},"f":{"0":1},"b":{"0":[1]},"meta":{"lastBranch":1,"lastFunction":1,"lastStatement":1,"seen":{"f:1:24:1:31":0,"b:1:41:1:57":0,"s:2:2:8:Infinity":0},"fnNames":{}}}
,"C:\\Universidad\\ProyectoIntegrador\\2026-animal-health-fe\\src\\components\\common\\Modal.jsx": {"path":"C:\\Universidad\\ProyectoIntegrador\\2026-animal-health-fe\\src\\components\\common\\Modal.jsx","statementMap":{"0":{"start":{"line":24,"column":16},"end":{"line":24,"column":31}},"1":{"start":{"line":27,"column":2},"end":{"line":42,"column":null}},"2":{"start":{"line":28,"column":4},"end":{"line":28,"column":null}},"3":{"start":{"line":28,"column":17},"end":{"line":28,"column":null}},"4":{"start":{"line":30,"column":10},"end":{"line":32,"column":null}},"5":{"start":{"line":31,"column":6},"end":{"line":31,"column":null}},"6":{"start":{"line":31,"column":30},"end":{"line":31,"column":null}},"7":{"start":{"line":34,"column":4},"end":{"line":34,"column":null}},"8":{"start":{"line":36,"column":4},"end":{"line":36,"column":null}},"9":{"start":{"line":38,"column":4},"end":{"line":41,"column":null}},"10":{"start":{"line":39,"column":6},"end":{"line":39,"column":null}},"11":{"start":{"line":40,"column":6},"end":{"line":40,"column":null}},"12":{"start":{"line":44,"column":2},"end":{"line":44,"column":null}},"13":{"start":{"line":44,"column":15},"end":{"line":44,"column":null}},"14":{"start":{"line":46,"column":2},"end":{"line":94,"column":null}},"15":{"start":{"line":55,"column":8},"end":{"line":55,"column":null}},"16":{"start":{"line":55,"column":46},"end":{"line":55,"column":null}}},"fnMap":{"0":{"name":"Modal","decl":{"start":{"line":17,"column":24},"end":{"line":17,"column":30}},"loc":{"start":{"line":23,"column":3},"end":{"line":95,"column":null}},"line":23},"1":{"name":"(anonymous_1)","decl":{"start":{"line":27,"column":2},"end":{"line":27,"column":18}},"loc":{"start":{"line":27,"column":18},"end":{"line":42,"column":5}},"line":27},"2":{"name":"(anonymous_2)","decl":{"start":{"line":30,"column":10},"end":{"line":30,"column":27}},"loc":{"start":{"line":30,"column":33},"end":{"line":32,"column":null}},"line":30},"3":{"name":"(anonymous_3)","decl":{"start":{"line":38,"column":4},"end":{"line":38,"column":17}},"loc":{"start":{"line":38,"column":17},"end":{"line":41,"column":null}},"line":38},"4":{"name":"(anonymous_4)","decl":{"start":{"line":54,"column":6},"end":{"line":54,"column":16}},"loc":{"start":{"line":54,"column":22},"end":{"line":56,"column":null}},"line":54}},"branchMap":{"0":{"loc":{"start":{"line":22,"column":2},"end":{"line":22,"column":null}},"type":"default-arg","locations":[{"start":{"line":22,"column":13},"end":{"line":22,"column":null}}],"line":22},"1":{"loc":{"start":{"line":28,"column":4},"end":{"line":28,"column":null}},"type":"if","locations":[{"start":{"line":28,"column":4},"end":{"line":28,"column":null}},{"start":{},"end":{}}],"line":28},"2":{"loc":{"start":{"line":31,"column":6},"end":{"line":31,"column":null}},"type":"if","locations":[{"start":{"line":31,"column":6},"end":{"line":31,"column":null}},{"start":{},"end":{}}],"line":31},"3":{"loc":{"start":{"line":44,"column":2},"end":{"line":44,"column":null}},"type":"if","locations":[{"start":{"line":44,"column":2},"end":{"line":44,"column":null}},{"start":{},"end":{}}],"line":44},"4":{"loc":{"start":{"line":52,"column":23},"end":{"line":52,"column":null}},"type":"cond-expr","locations":[{"start":{"line":52,"column":31},"end":{"line":52,"column":47}},{"start":{"line":52,"column":47},"end":{"line":52,"column":null}}],"line":52},"5":{"loc":{"start":{"line":55,"column":8},"end":{"line":55,"column":null}},"type":"if","locations":[{"start":{"line":55,"column":8},"end":{"line":55,"column":null}},{"start":{},"end":{}}],"line":55},"6":{"loc":{"start":{"line":70,"column":9},"end":{"line":90,"column":9}},"type":"binary-expr","locations":[{"start":{"line":70,"column":9},"end":{"line":70,"column":null}},{"start":{"line":71,"column":10},"end":{"line":90,"column":9}}],"line":70}},"s":{"0":19,"1":19,"2":19,"3":8,"4":11,"5":65,"6":1,"7":11,"8":11,"9":11,"10":11,"11":11,"12":19,"13":8,"14":11,"15":24,"16":1},"f":{"0":19,"1":19,"2":65,"3":11,"4":24},"b":{"0":[19],"1":[8,11],"2":[1,64],"3":[8,11],"4":[5,6],"5":[1,23],"6":[19,5]},"meta":{"lastBranch":7,"lastFunction":5,"lastStatement":17,"seen":{"f:17:24:17:30":0,"b:22:13:22:Infinity":0,"s:24:16:24:31":0,"s:27:2:42:Infinity":1,"f:27:2:27:18":1,"b:28:4:28:Infinity:undefined:undefined:undefined:undefined":1,"s:28:4:28:Infinity":2,"s:28:17:28:Infinity":3,"s:30:10:32:Infinity":4,"f:30:10:30:27":2,"b:31:6:31:Infinity:undefined:undefined:undefined:undefined":2,"s:31:6:31:Infinity":5,"s:31:30:31:Infinity":6,"s:34:4:34:Infinity":7,"s:36:4:36:Infinity":8,"s:38:4:41:Infinity":9,"f:38:4:38:17":3,"s:39:6:39:Infinity":10,"s:40:6:40:Infinity":11,"b:44:2:44:Infinity:undefined:undefined:undefined:undefined":3,"s:44:2:44:Infinity":12,"s:44:15:44:Infinity":13,"s:46:2:94:Infinity":14,"b:52:31:52:47:52:47:52:Infinity":4,"f:54:6:54:16":4,"b:55:8:55:Infinity:undefined:undefined:undefined:undefined":5,"s:55:8:55:Infinity":15,"s:55:46:55:Infinity":16,"b:70:9:70:Infinity:71:10:90:9":6},"fnNames":{}}}
,"C:\\Universidad\\ProyectoIntegrador\\2026-animal-health-fe\\src\\components\\common\\Select.jsx": {"path":"C:\\Universidad\\ProyectoIntegrador\\2026-animal-health-fe\\src\\components\\common\\Select.jsx","statementMap":{"0":{"start":{"line":3,"column":15},"end":{"line":56,"column":null}},"1":{"start":{"line":18,"column":2},"end":{"line":54,"column":null}},"2":{"start":{"line":44,"column":10},"end":{"line":46,"column":null}}},"fnMap":{"0":{"name":"Select","decl":{"start":{"line":3,"column":35},"end":{"line":3,"column":null}},"loc":{"start":{"line":17,"column":2},"end":{"line":56,"column":1}},"line":17},"1":{"name":"(anonymous_1)","decl":{"start":{"line":43,"column":17},"end":{"line":43,"column":22}},"loc":{"start":{"line":44,"column":10},"end":{"line":46,"column":null}},"line":44}},"branchMap":{"0":{"loc":{"start":{"line":8,"column":4},"end":{"line":8,"column":null}},"type":"default-arg","locations":[{"start":{"line":8,"column":15},"end":{"line":8,"column":null}}],"line":8},"1":{"loc":{"start":{"line":9,"column":4},"end":{"line":9,"column":null}},"type":"default-arg","locations":[{"start":{"line":9,"column":14},"end":{"line":9,"column":null}}],"line":9},"2":{"loc":{"start":{"line":10,"column":4},"end":{"line":10,"column":null}},"type":"default-arg","locations":[{"start":{"line":10,"column":18},"end":{"line":10,"column":null}}],"line":10},"3":{"loc":{"start":{"line":11,"column":4},"end":{"line":11,"column":null}},"type":"default-arg","locations":[{"start":{"line":11,"column":16},"end":{"line":11,"column":null}}],"line":11},"4":{"loc":{"start":{"line":12,"column":4},"end":{"line":12,"column":null}},"type":"default-arg","locations":[{"start":{"line":12,"column":21},"end":{"line":12,"column":null}}],"line":12},"5":{"loc":{"start":{"line":13,"column":4},"end":{"line":13,"column":null}},"type":"default-arg","locations":[{"start":{"line":13,"column":25},"end":{"line":13,"column":null}}],"line":13},"6":{"loc":{"start":{"line":20,"column":7},"end":{"line":27,"column":null}},"type":"binary-expr","locations":[{"start":{"line":20,"column":7},"end":{"line":20,"column":null}},{"start":{"line":21,"column":8},"end":{"line":27,"column":null}}],"line":20},"7":{"loc":{"start":{"line":26,"column":11},"end":{"line":27,"column":null}},"type":"binary-expr","locations":[{"start":{"line":26,"column":11},"end":{"line":26,"column":23}},{"start":{"line":26,"column":23},"end":{"line":27,"column":null}}],"line":26},"8":{"loc":{"start":{"line":34,"column":26},"end":{"line":34,"column":null}},"type":"cond-expr","locations":[{"start":{"line":34,"column":34},"end":{"line":34,"column":50}},{"start":{"line":34,"column":50},"end":{"line":34,"column":null}}],"line":34},"9":{"loc":{"start":{"line":37,"column":10},"end":{"line":37,"column":null}},"type":"cond-expr","locations":[{"start":{"line":37,"column":18},"end":{"line":37,"column":41}},{"start":{"line":37,"column":41},"end":{"line":37,"column":null}}],"line":37},"10":{"loc":{"start":{"line":49,"column":7},"end":{"line":52,"column":null}},"type":"binary-expr","locations":[{"start":{"line":49,"column":7},"end":{"line":49,"column":null}},{"start":{"line":50,"column":8},"end":{"line":52,"column":null}}],"line":49}},"s":{"0":3,"1":52,"2":390},"f":{"0":52,"1":390},"b":{"0":[52],"1":[52],"2":[52],"3":[52],"4":[52],"5":[52],"6":[52,52],"7":[52,52],"8":[2,50],"9":[2,50],"10":[52,2]},"meta":{"lastBranch":11,"lastFunction":2,"lastStatement":3,"seen":{"s:3:15:56:Infinity":0,"f:3:35:3:Infinity":0,"b:8:15:8:Infinity":0,"b:9:14:9:Infinity":1,"b:10:18:10:Infinity":2,"b:11:16:11:Infinity":3,"b:12:21:12:Infinity":4,"b:13:25:13:Infinity":5,"s:18:2:54:Infinity":1,"b:20:7:20:Infinity:21:8:27:Infinity":6,"b:26:11:26:23:26:23:27:Infinity":7,"b:34:34:34:50:34:50:34:Infinity":8,"b:37:18:37:41:37:41:37:Infinity":9,"f:43:17:43:22":1,"s:44:10:46:Infinity":2,"b:49:7:49:Infinity:50:8:52:Infinity":10},"fnNames":{}}}
,"C:\\Universidad\\ProyectoIntegrador\\2026-animal-health-fe\\src\\components\\forms\\PetForm.jsx": {"path":"C:\\Universidad\\ProyectoIntegrador\\2026-animal-health-fe\\src\\components\\forms\\PetForm.jsx","statementMap":{"0":{"start":{"line":12,"column":31},"end":{"line":28,"column":null}},"1":{"start":{"line":30,"column":29},"end":{"line":30,"column":null}},"2":{"start":{"line":39,"column":16},"end":{"line":39,"column":31}},"3":{"start":{"line":40,"column":36},"end":{"line":40,"column":null}},"4":{"start":{"line":41,"column":42},"end":{"line":41,"column":null}},"5":{"start":{"line":42,"column":36},"end":{"line":42,"column":null}},"6":{"start":{"line":43,"column":33},"end":{"line":56,"column":null}},"7":{"start":{"line":43,"column":48},"end":{"line":56,"column":6}},"8":{"start":{"line":63,"column":6},"end":{"line":66,"column":null}},"9":{"start":{"line":68,"column":23},"end":{"line":68,"column":null}},"10":{"start":{"line":69,"column":25},"end":{"line":72,"column":null}},"11":{"start":{"line":69,"column":57},"end":{"line":72,"column":4}},"12":{"start":{"line":73,"column":21},"end":{"line":76,"column":null}},"13":{"start":{"line":73,"column":49},"end":{"line":76,"column":4}},"14":{"start":{"line":77,"column":8},"end":{"line":81,"column":null}},"15":{"start":{"line":78,"column":4},"end":{"line":78,"column":null}},"16":{"start":{"line":78,"column":18},"end":{"line":78,"column":null}},"17":{"start":{"line":79,"column":27},"end":{"line":79,"column":null}},"18":{"start":{"line":80,"column":4},"end":{"line":80,"column":null}},"19":{"start":{"line":83,"column":2},"end":{"line":85,"column":null}},"20":{"start":{"line":84,"column":4},"end":{"line":84,"column":null}},"21":{"start":{"line":87,"column":2},"end":{"line":97,"column":null}},"22":{"start":{"line":88,"column":4},"end":{"line":91,"column":null}},"23":{"start":{"line":89,"column":6},"end":{"line":89,"column":null}},"24":{"start":{"line":90,"column":6},"end":{"line":90,"column":null}},"25":{"start":{"line":93,"column":22},"end":{"line":93,"column":null}},"26":{"start":{"line":94,"column":4},"end":{"line":94,"column":null}},"27":{"start":{"line":96,"column":4},"end":{"line":96,"column":null}},"28":{"start":{"line":96,"column":17},"end":{"line":96,"column":null}},"29":{"start":{"line":99,"column":8},"end":{"line":102,"column":null}},"30":{"start":{"line":100,"column":19},"end":{"line":100,"column":null}},"31":{"start":{"line":101,"column":4},"end":{"line":101,"column":null}},"32":{"start":{"line":104,"column":8},"end":{"line":112,"column":null}},"33":{"start":{"line":105,"column":4},"end":{"line":105,"column":null}},"34":{"start":{"line":106,"column":4},"end":{"line":111,"column":null}},"35":{"start":{"line":114,"column":8},"end":{"line":116,"column":null}},"36":{"start":{"line":115,"column":4},"end":{"line":115,"column":null}},"37":{"start":{"line":118,"column":2},"end":{"line":265,"column":null}}},"fnMap":{"0":{"name":"PetForm","decl":{"start":{"line":32,"column":24},"end":{"line":32,"column":32}},"loc":{"start":{"line":38,"column":3},"end":{"line":267,"column":null}},"line":38},"1":{"name":"(anonymous_1)","decl":{"start":{"line":43,"column":33},"end":{"line":43,"column":48}},"loc":{"start":{"line":43,"column":48},"end":{"line":56,"column":6}},"line":43},"2":{"name":"(anonymous_2)","decl":{"start":{"line":69,"column":37},"end":{"line":69,"column":42}},"loc":{"start":{"line":69,"column":57},"end":{"line":72,"column":4}},"line":69},"3":{"name":"(anonymous_3)","decl":{"start":{"line":73,"column":29},"end":{"line":73,"column":34}},"loc":{"start":{"line":73,"column":49},"end":{"line":76,"column":4}},"line":73},"4":{"name":"(anonymous_4)","decl":{"start":{"line":77,"column":8},"end":{"line":77,"column":22}},"loc":{"start":{"line":77,"column":34},"end":{"line":81,"column":null}},"line":77},"5":{"name":"(anonymous_5)","decl":{"start":{"line":83,"column":2},"end":{"line":83,"column":18}},"loc":{"start":{"line":83,"column":18},"end":{"line":85,"column":5}},"line":83},"6":{"name":"(anonymous_6)","decl":{"start":{"line":87,"column":2},"end":{"line":87,"column":18}},"loc":{"start":{"line":87,"column":18},"end":{"line":97,"column":5}},"line":87},"7":{"name":"(anonymous_7)","decl":{"start":{"line":96,"column":4},"end":{"line":96,"column":17}},"loc":{"start":{"line":96,"column":17},"end":{"line":96,"column":null}},"line":96},"8":{"name":"(anonymous_8)","decl":{"start":{"line":99,"column":8},"end":{"line":99,"column":29}},"loc":{"start":{"line":99,"column":39},"end":{"line":102,"column":null}},"line":99},"9":{"name":"(anonymous_9)","decl":{"start":{"line":104,"column":8},"end":{"line":104,"column":22}},"loc":{"start":{"line":104,"column":35},"end":{"line":112,"column":null}},"line":104},"10":{"name":"(anonymous_10)","decl":{"start":{"line":114,"column":8},"end":{"line":114,"column":36}},"loc":{"start":{"line":114,"column":36},"end":{"line":116,"column":null}},"line":114}},"branchMap":{"0":{"loc":{"start":{"line":35,"column":2},"end":{"line":35,"column":null}},"type":"default-arg","locations":[{"start":{"line":35,"column":14},"end":{"line":35,"column":null}}],"line":35},"1":{"loc":{"start":{"line":36,"column":2},"end":{"line":36,"column":null}},"type":"default-arg","locations":[{"start":{"line":36,"column":18},"end":{"line":36,"column":null}}],"line":36},"2":{"loc":{"start":{"line":37,"column":2},"end":{"line":37,"column":null}},"type":"default-arg","locations":[{"start":{"line":37,"column":20},"end":{"line":37,"column":null}}],"line":37},"3":{"loc":{"start":{"line":41,"column":51},"end":{"line":41,"column":80}},"type":"binary-expr","locations":[{"start":{"line":41,"column":51},"end":{"line":41,"column":78}},{"start":{"line":41,"column":78},"end":{"line":41,"column":80}}],"line":41},"4":{"loc":{"start":{"line":53,"column":21},"end":{"line":53,"column":null}},"type":"binary-expr","locations":[{"start":{"line":53,"column":21},"end":{"line":53,"column":54}},{"start":{"line":53,"column":54},"end":{"line":53,"column":null}}],"line":53},"5":{"loc":{"start":{"line":55,"column":15},"end":{"line":55,"column":null}},"type":"binary-expr","locations":[{"start":{"line":55,"column":15},"end":{"line":55,"column":42}},{"start":{"line":55,"column":42},"end":{"line":55,"column":null}}],"line":55},"6":{"loc":{"start":{"line":78,"column":4},"end":{"line":78,"column":null}},"type":"if","locations":[{"start":{"line":78,"column":4},"end":{"line":78,"column":null}},{"start":{},"end":{}}],"line":78},"7":{"loc":{"start":{"line":80,"column":11},"end":{"line":80,"column":null}},"type":"cond-expr","locations":[{"start":{"line":80,"column":28},"end":{"line":80,"column":48}},{"start":{"line":80,"column":48},"end":{"line":80,"column":null}}],"line":80},"8":{"loc":{"start":{"line":88,"column":4},"end":{"line":91,"column":null}},"type":"if","locations":[{"start":{"line":88,"column":4},"end":{"line":91,"column":null}},{"start":{},"end":{}}],"line":88},"9":{"loc":{"start":{"line":89,"column":22},"end":{"line":89,"column":51}},"type":"binary-expr","locations":[{"start":{"line":89,"column":22},"end":{"line":89,"column":49}},{"start":{"line":89,"column":49},"end":{"line":89,"column":51}}],"line":89},"10":{"loc":{"start":{"line":100,"column":19},"end":{"line":100,"column":null}},"type":"binary-expr","locations":[{"start":{"line":100,"column":19},"end":{"line":100,"column":41}},{"start":{"line":100,"column":41},"end":{"line":100,"column":null}}],"line":100},"11":{"loc":{"start":{"line":101,"column":17},"end":{"line":101,"column":29}},"type":"binary-expr","locations":[{"start":{"line":101,"column":17},"end":{"line":101,"column":25}},{"start":{"line":101,"column":25},"end":{"line":101,"column":29}}],"line":101},"12":{"loc":{"start":{"line":108,"column":23},"end":{"line":110,"column":null}},"type":"cond-expr","locations":[{"start":{"line":109,"column":10},"end":{"line":109,"column":null}},{"start":{"line":110,"column":10},"end":{"line":110,"column":null}}],"line":108},"13":{"loc":{"start":{"line":125,"column":7},"end":{"line":125,"column":null}},"type":"binary-expr","locations":[{"start":{"line":125,"column":7},"end":{"line":125,"column":20}},{"start":{"line":125,"column":20},"end":{"line":125,"column":null}}],"line":125},"14":{"loc":{"start":{"line":206,"column":7},"end":{"line":215,"column":null}},"type":"binary-expr","locations":[{"start":{"line":206,"column":7},"end":{"line":206,"column":null}},{"start":{"line":207,"column":8},"end":{"line":215,"column":null}}],"line":206},"15":{"loc":{"start":{"line":218,"column":7},"end":{"line":239,"column":null}},"type":"binary-expr","locations":[{"start":{"line":218,"column":7},"end":{"line":218,"column":null}},{"start":{"line":219,"column":8},"end":{"line":239,"column":null}}],"line":218},"16":{"loc":{"start":{"line":221,"column":13},"end":{"line":224,"column":null}},"type":"cond-expr","locations":[{"start":{"line":222,"column":14},"end":{"line":224,"column":15}},{"start":{"line":224,"column":14},"end":{"line":224,"column":null}}],"line":221},"17":{"loc":{"start":{"line":243,"column":9},"end":{"line":255,"column":9}},"type":"binary-expr","locations":[{"start":{"line":243,"column":9},"end":{"line":243,"column":null}},{"start":{"line":244,"column":10},"end":{"line":255,"column":9}}],"line":243}},"s":{"0":3,"1":3,"2":26,"3":26,"4":26,"5":26,"6":26,"7":9,"8":26,"9":26,"10":26,"11":338,"12":26,"13":52,"14":26,"15":159,"16":153,"17":6,"18":6,"19":26,"20":9,"21":26,"22":10,"23":9,"24":9,"25":1,"26":1,"27":1,"28":1,"29":26,"30":1,"31":1,"32":26,"33":3,"34":3,"35":26,"36":1,"37":26},"f":{"0":26,"1":9,"2":338,"3":52,"4":159,"5":9,"6":10,"7":1,"8":1,"9":3,"10":1},"b":{"0":[26],"1":[26],"2":[26],"3":[26,26],"4":[9,9],"5":[9,9],"6":[153,6],"7":[2,4],"8":[9,1],"9":[9,9],"10":[1,0],"11":[1,0],"12":[1,2],"13":[26,1],"14":[26,3],"15":[26,4],"16":[1,3],"17":[26,11]},"meta":{"lastBranch":18,"lastFunction":11,"lastStatement":38,"seen":{"s:12:31:28:Infinity":0,"s:30:29:30:Infinity":1,"f:32:24:32:32":0,"b:35:14:35:Infinity":0,"b:36:18:36:Infinity":1,"b:37:20:37:Infinity":2,"s:39:16:39:31":2,"s:40:36:40:Infinity":3,"s:41:42:41:Infinity":4,"b:41:51:41:78:41:78:41:80":3,"s:42:36:42:Infinity":5,"s:43:33:56:Infinity":6,"f:43:33:43:48":1,"s:43:48:56:6":7,"b:53:21:53:54:53:54:53:Infinity":4,"b:55:15:55:42:55:42:55:Infinity":5,"s:63:6:66:Infinity":8,"s:68:23:68:Infinity":9,"s:69:25:72:Infinity":10,"f:69:37:69:42":2,"s:69:57:72:4":11,"s:73:21:76:Infinity":12,"f:73:29:73:34":3,"s:73:49:76:4":13,"s:77:8:81:Infinity":14,"f:77:8:77:22":4,"b:78:4:78:Infinity:undefined:undefined:undefined:undefined":6,"s:78:4:78:Infinity":15,"s:78:18:78:Infinity":16,"s:79:27:79:Infinity":17,"s:80:4:80:Infinity":18,"b:80:28:80:48:80:48:80:Infinity":7,"s:83:2:85:Infinity":19,"f:83:2:83:18":5,"s:84:4:84:Infinity":20,"s:87:2:97:Infinity":21,"f:87:2:87:18":6,"b:88:4:91:Infinity:undefined:undefined:undefined:undefined":8,"s:88:4:91:Infinity":22,"s:89:6:89:Infinity":23,"b:89:22:89:49:89:49:89:51":9,"s:90:6:90:Infinity":24,"s:93:22:93:Infinity":25,"s:94:4:94:Infinity":26,"s:96:4:96:Infinity":27,"f:96:4:96:17":7,"s:96:17:96:Infinity":28,"s:99:8:102:Infinity":29,"f:99:8:99:29":8,"s:100:19:100:Infinity":30,"b:100:19:100:41:100:41:100:Infinity":10,"s:101:4:101:Infinity":31,"b:101:17:101:25:101:25:101:29":11,"s:104:8:112:Infinity":32,"f:104:8:104:22":9,"s:105:4:105:Infinity":33,"s:106:4:111:Infinity":34,"b:109:10:109:Infinity:110:10:110:Infinity":12,"s:114:8:116:Infinity":35,"f:114:8:114:36":10,"s:115:4:115:Infinity":36,"s:118:2:265:Infinity":37,"b:125:7:125:20:125:20:125:Infinity":13,"b:206:7:206:Infinity:207:8:215:Infinity":14,"b:218:7:218:Infinity:219:8:239:Infinity":15,"b:222:14:224:15:224:14:224:Infinity":16,"b:243:9:243:Infinity:244:10:255:9":17},"fnNames":{}}}
,"C:\\Universidad\\ProyectoIntegrador\\2026-animal-health-fe\\src\\components\\layout\\Footer.jsx": {"path":"C:\\Universidad\\ProyectoIntegrador\\2026-animal-health-fe\\src\\components\\layout\\Footer.jsx","statementMap":{"0":{"start":{"line":2,"column":2},"end":{"line":5,"column":null}}},"fnMap":{"0":{"name":"Footer","decl":{"start":{"line":1,"column":24},"end":{"line":1,"column":33}},"loc":{"start":{"line":1,"column":33},"end":{"line":7,"column":null}},"line":1}},"branchMap":{},"s":{"0":326},"f":{"0":326},"b":{},"meta":{"lastBranch":0,"lastFunction":1,"lastStatement":1,"seen":{"f:1:24:1:33":0,"s:2:2:5:Infinity":0},"fnNames":{}}}
,"C:\\Universidad\\ProyectoIntegrador\\2026-animal-health-fe\\src\\components\\layout\\Navbar.jsx": {"path":"C:\\Universidad\\ProyectoIntegrador\\2026-animal-health-fe\\src\\components\\layout\\Navbar.jsx","statementMap":{"0":{"start":{"line":14,"column":44},"end":{"line":14,"column":null}},"1":{"start":{"line":15,"column":25},"end":{"line":15,"column":null}},"2":{"start":{"line":16,"column":19},"end":{"line":16,"column":31}},"3":{"start":{"line":17,"column":19},"end":{"line":17,"column":31}},"4":{"start":{"line":18,"column":21},"end":{"line":18,"column":null}},"5":{"start":{"line":18,"column":45},"end":{"line":18,"column":61}},"6":{"start":{"line":19,"column":15},"end":{"line":19,"column":null}},"7":{"start":{"line":19,"column":39},"end":{"line":19,"column":49}},"8":{"start":{"line":20,"column":15},"end":{"line":20,"column":null}},"9":{"start":{"line":20,"column":39},"end":{"line":20,"column":49}},"10":{"start":{"line":21,"column":17},"end":{"line":21,"column":null}},"11":{"start":{"line":21,"column":41},"end":{"line":21,"column":53}},"12":{"start":{"line":22,"column":22},"end":{"line":22,"column":null}},"13":{"start":{"line":22,"column":50},"end":{"line":22,"column":67}},"14":{"start":{"line":23,"column":26},"end":{"line":23,"column":41}},"15":{"start":{"line":24,"column":26},"end":{"line":24,"column":null}},"16":{"start":{"line":25,"column":23},"end":{"line":25,"column":null}},"17":{"start":{"line":26,"column":20},"end":{"line":26,"column":null}},"18":{"start":{"line":27,"column":22},"end":{"line":27,"column":null}},"19":{"start":{"line":28,"column":20},"end":{"line":28,"column":null}},"20":{"start":{"line":29,"column":20},"end":{"line":33,"column":null}},"21":{"start":{"line":35,"column":22},"end":{"line":35,"column":null}},"22":{"start":{"line":36,"column":23},"end":{"line":36,"column":null}},"23":{"start":{"line":37,"column":22},"end":{"line":37,"column":null}},"24":{"start":{"line":39,"column":2},"end":{"line":51,"column":null}},"25":{"start":{"line":40,"column":10},"end":{"line":47,"column":null}},"26":{"start":{"line":41,"column":6},"end":{"line":46,"column":null}},"27":{"start":{"line":45,"column":8},"end":{"line":45,"column":null}},"28":{"start":{"line":49,"column":4},"end":{"line":49,"column":null}},"29":{"start":{"line":50,"column":4},"end":{"line":50,"column":null}},"30":{"start":{"line":50,"column":17},"end":{"line":50,"column":null}},"31":{"start":{"line":53,"column":8},"end":{"line":56,"column":null}},"32":{"start":{"line":54,"column":4},"end":{"line":54,"column":null}},"33":{"start":{"line":55,"column":4},"end":{"line":55,"column":null}},"34":{"start":{"line":58,"column":2},"end":{"line":237,"column":null}},"35":{"start":{"line":76,"column":44},"end":{"line":76,"column":null}},"36":{"start":{"line":82,"column":44},"end":{"line":82,"column":null}},"37":{"start":{"line":88,"column":44},"end":{"line":88,"column":null}},"38":{"start":{"line":94,"column":44},"end":{"line":94,"column":null}},"39":{"start":{"line":105,"column":44},"end":{"line":105,"column":null}},"40":{"start":{"line":111,"column":44},"end":{"line":111,"column":null}},"41":{"start":{"line":117,"column":44},"end":{"line":117,"column":null}},"42":{"start":{"line":129,"column":33},"end":{"line":129,"column":null}},"43":{"start":{"line":140,"column":44},"end":{"line":140,"column":null}},"44":{"start":{"line":146,"column":44},"end":{"line":146,"column":null}},"45":{"start":{"line":152,"column":44},"end":{"line":152,"column":null}},"46":{"start":{"line":190,"column":31},"end":{"line":190,"column":null}},"47":{"start":{"line":190,"column":59},"end":{"line":190,"column":65}},"48":{"start":{"line":217,"column":35},"end":{"line":217,"column":null}}},"fnMap":{"0":{"name":"Navbar","decl":{"start":{"line":13,"column":24},"end":{"line":13,"column":33}},"loc":{"start":{"line":13,"column":33},"end":{"line":239,"column":null}},"line":13},"1":{"name":"(anonymous_1)","decl":{"start":{"line":18,"column":21},"end":{"line":18,"column":35}},"loc":{"start":{"line":18,"column":45},"end":{"line":18,"column":61}},"line":18},"2":{"name":"(anonymous_2)","decl":{"start":{"line":19,"column":15},"end":{"line":19,"column":29}},"loc":{"start":{"line":19,"column":39},"end":{"line":19,"column":49}},"line":19},"3":{"name":"(anonymous_3)","decl":{"start":{"line":20,"column":15},"end":{"line":20,"column":29}},"loc":{"start":{"line":20,"column":39},"end":{"line":20,"column":49}},"line":20},"4":{"name":"(anonymous_4)","decl":{"start":{"line":21,"column":17},"end":{"line":21,"column":31}},"loc":{"start":{"line":21,"column":41},"end":{"line":21,"column":53}},"line":21},"5":{"name":"(anonymous_5)","decl":{"start":{"line":22,"column":22},"end":{"line":22,"column":40}},"loc":{"start":{"line":22,"column":50},"end":{"line":22,"column":67}},"line":22},"6":{"name":"(anonymous_6)","decl":{"start":{"line":39,"column":2},"end":{"line":39,"column":18}},"loc":{"start":{"line":39,"column":18},"end":{"line":51,"column":5}},"line":39},"7":{"name":"(anonymous_7)","decl":{"start":{"line":40,"column":10},"end":{"line":40,"column":32}},"loc":{"start":{"line":40,"column":42},"end":{"line":47,"column":null}},"line":40},"8":{"name":"(anonymous_8)","decl":{"start":{"line":50,"column":4},"end":{"line":50,"column":17}},"loc":{"start":{"line":50,"column":17},"end":{"line":50,"column":null}},"line":50},"9":{"name":"(anonymous_9)","decl":{"start":{"line":53,"column":8},"end":{"line":53,"column":29}},"loc":{"start":{"line":53,"column":29},"end":{"line":56,"column":null}},"line":53},"10":{"name":"(anonymous_10)","decl":{"start":{"line":76,"column":14},"end":{"line":76,"column":26}},"loc":{"start":{"line":76,"column":44},"end":{"line":76,"column":null}},"line":76},"11":{"name":"(anonymous_11)","decl":{"start":{"line":82,"column":14},"end":{"line":82,"column":26}},"loc":{"start":{"line":82,"column":44},"end":{"line":82,"column":null}},"line":82},"12":{"name":"(anonymous_12)","decl":{"start":{"line":88,"column":14},"end":{"line":88,"column":26}},"loc":{"start":{"line":88,"column":44},"end":{"line":88,"column":null}},"line":88},"13":{"name":"(anonymous_13)","decl":{"start":{"line":94,"column":14},"end":{"line":94,"column":26}},"loc":{"start":{"line":94,"column":44},"end":{"line":94,"column":null}},"line":94},"14":{"name":"(anonymous_14)","decl":{"start":{"line":105,"column":14},"end":{"line":105,"column":26}},"loc":{"start":{"line":105,"column":44},"end":{"line":105,"column":null}},"line":105},"15":{"name":"(anonymous_15)","decl":{"start":{"line":111,"column":14},"end":{"line":111,"column":26}},"loc":{"start":{"line":111,"column":44},"end":{"line":111,"column":null}},"line":111},"16":{"name":"(anonymous_16)","decl":{"start":{"line":117,"column":14},"end":{"line":117,"column":26}},"loc":{"start":{"line":117,"column":44},"end":{"line":117,"column":null}},"line":117},"17":{"name":"(anonymous_17)","decl":{"start":{"line":129,"column":12},"end":{"line":129,"column":23}},"loc":{"start":{"line":129,"column":33},"end":{"line":129,"column":null}},"line":129},"18":{"name":"(anonymous_18)","decl":{"start":{"line":140,"column":14},"end":{"line":140,"column":26}},"loc":{"start":{"line":140,"column":44},"end":{"line":140,"column":null}},"line":140},"19":{"name":"(anonymous_19)","decl":{"start":{"line":146,"column":14},"end":{"line":146,"column":26}},"loc":{"start":{"line":146,"column":44},"end":{"line":146,"column":null}},"line":146},"20":{"name":"(anonymous_20)","decl":{"start":{"line":152,"column":14},"end":{"line":152,"column":26}},"loc":{"start":{"line":152,"column":44},"end":{"line":152,"column":null}},"line":152},"21":{"name":"(anonymous_21)","decl":{"start":{"line":190,"column":16},"end":{"line":190,"column":31}},"loc":{"start":{"line":190,"column":31},"end":{"line":190,"column":null}},"line":190},"22":{"name":"(anonymous_22)","decl":{"start":{"line":190,"column":31},"end":{"line":190,"column":49}},"loc":{"start":{"line":190,"column":59},"end":{"line":190,"column":65}},"line":190},"23":{"name":"(anonymous_23)","decl":{"start":{"line":217,"column":20},"end":{"line":217,"column":35}},"loc":{"start":{"line":217,"column":35},"end":{"line":217,"column":null}},"line":217}},"branchMap":{"0":{"loc":{"start":{"line":28,"column":20},"end":{"line":28,"column":null}},"type":"binary-expr","locations":[{"start":{"line":28,"column":20},"end":{"line":28,"column":36}},{"start":{"line":28,"column":36},"end":{"line":28,"column":49}},{"start":{"line":28,"column":49},"end":{"line":28,"column":null}}],"line":28},"1":{"loc":{"start":{"line":29,"column":20},"end":{"line":33,"column":null}},"type":"cond-expr","locations":[{"start":{"line":30,"column":6},"end":{"line":30,"column":null}},{"start":{"line":31,"column":6},"end":{"line":33,"column":null}}],"line":29},"2":{"loc":{"start":{"line":31,"column":6},"end":{"line":33,"column":null}},"type":"cond-expr","locations":[{"start":{"line":32,"column":8},"end":{"line":32,"column":null}},{"start":{"line":33,"column":8},"end":{"line":33,"column":null}}],"line":31},"3":{"loc":{"start":{"line":35,"column":22},"end":{"line":35,"column":null}},"type":"binary-expr","locations":[{"start":{"line":35,"column":22},"end":{"line":35,"column":41}},{"start":{"line":35,"column":41},"end":{"line":35,"column":55}},{"start":{"line":35,"column":55},"end":{"line":35,"column":70}},{"start":{"line":35,"column":70},"end":{"line":35,"column":null}}],"line":35},"4":{"loc":{"start":{"line":36,"column":23},"end":{"line":36,"column":null}},"type":"binary-expr","locations":[{"start":{"line":36,"column":23},"end":{"line":36,"column":38}},{"start":{"line":36,"column":38},"end":{"line":36,"column":null}}],"line":36},"5":{"loc":{"start":{"line":37,"column":22},"end":{"line":37,"column":null}},"type":"binary-expr","locations":[{"start":{"line":37,"column":22},"end":{"line":37,"column":68}},{"start":{"line":37,"column":68},"end":{"line":37,"column":null}}],"line":37},"6":{"loc":{"start":{"line":41,"column":6},"end":{"line":46,"column":null}},"type":"if","locations":[{"start":{"line":41,"column":6},"end":{"line":46,"column":null}},{"start":{},"end":{}}],"line":41},"7":{"loc":{"start":{"line":42,"column":8},"end":{"line":43,"column":null}},"type":"binary-expr","locations":[{"start":{"line":42,"column":8},"end":{"line":42,"column":null}},{"start":{"line":43,"column":11},"end":{"line":43,"column":null}}],"line":42},"8":{"loc":{"start":{"line":62,"column":14},"end":{"line":62,"column":null}},"type":"cond-expr","locations":[{"start":{"line":62,"column":45},"end":{"line":62,"column":57}},{"start":{"line":62,"column":57},"end":{"line":62,"column":null}}],"line":62},"9":{"loc":{"start":{"line":62,"column":14},"end":{"line":62,"column":45}},"type":"binary-expr","locations":[{"start":{"line":62,"column":14},"end":{"line":62,"column":33}},{"start":{"line":62,"column":33},"end":{"line":62,"column":45}}],"line":62},"10":{"loc":{"start":{"line":73,"column":9},"end":{"line":99,"column":null}},"type":"binary-expr","locations":[{"start":{"line":73,"column":9},"end":{"line":73,"column":28}},{"start":{"line":73,"column":28},"end":{"line":73,"column":49}},{"start":{"line":73,"column":49},"end":{"line":73,"column":null}},{"start":{"line":74,"column":10},"end":{"line":99,"column":null}}],"line":73},"11":{"loc":{"start":{"line":76,"column":44},"end":{"line":76,"column":null}},"type":"cond-expr","locations":[{"start":{"line":76,"column":55},"end":{"line":76,"column":90}},{"start":{"line":76,"column":90},"end":{"line":76,"column":null}}],"line":76},"12":{"loc":{"start":{"line":82,"column":44},"end":{"line":82,"column":null}},"type":"cond-expr","locations":[{"start":{"line":82,"column":55},"end":{"line":82,"column":90}},{"start":{"line":82,"column":90},"end":{"line":82,"column":null}}],"line":82},"13":{"loc":{"start":{"line":88,"column":44},"end":{"line":88,"column":null}},"type":"cond-expr","locations":[{"start":{"line":88,"column":55},"end":{"line":88,"column":90}},{"start":{"line":88,"column":90},"end":{"line":88,"column":null}}],"line":88},"14":{"loc":{"start":{"line":94,"column":44},"end":{"line":94,"column":null}},"type":"cond-expr","locations":[{"start":{"line":94,"column":55},"end":{"line":94,"column":90}},{"start":{"line":94,"column":90},"end":{"line":94,"column":null}}],"line":94},"15":{"loc":{"start":{"line":102,"column":9},"end":{"line":122,"column":null}},"type":"binary-expr","locations":[{"start":{"line":102,"column":9},"end":{"line":102,"column":28}},{"start":{"line":102,"column":28},"end":{"line":102,"column":55}},{"start":{"line":102,"column":55},"end":{"line":102,"column":null}},{"start":{"line":103,"column":10},"end":{"line":122,"column":null}}],"line":102},"16":{"loc":{"start":{"line":105,"column":44},"end":{"line":105,"column":null}},"type":"cond-expr","locations":[{"start":{"line":105,"column":55},"end":{"line":105,"column":98}},{"start":{"line":105,"column":98},"end":{"line":105,"column":null}}],"line":105},"17":{"loc":{"start":{"line":111,"column":44},"end":{"line":111,"column":null}},"type":"cond-expr","locations":[{"start":{"line":111,"column":55},"end":{"line":111,"column":98}},{"start":{"line":111,"column":98},"end":{"line":111,"column":null}}],"line":111},"18":{"loc":{"start":{"line":117,"column":44},"end":{"line":117,"column":null}},"type":"cond-expr","locations":[{"start":{"line":117,"column":55},"end":{"line":117,"column":98}},{"start":{"line":117,"column":98},"end":{"line":117,"column":null}}],"line":117},"19":{"loc":{"start":{"line":137,"column":9},"end":{"line":157,"column":null}},"type":"binary-expr","locations":[{"start":{"line":137,"column":9},"end":{"line":137,"column":null}},{"start":{"line":138,"column":10},"end":{"line":157,"column":null}}],"line":137},"20":{"loc":{"start":{"line":140,"column":44},"end":{"line":140,"column":null}},"type":"cond-expr","locations":[{"start":{"line":140,"column":55},"end":{"line":140,"column":90}},{"start":{"line":140,"column":90},"end":{"line":140,"column":null}}],"line":140},"21":{"loc":{"start":{"line":146,"column":44},"end":{"line":146,"column":null}},"type":"cond-expr","locations":[{"start":{"line":146,"column":55},"end":{"line":146,"column":90}},{"start":{"line":146,"column":90},"end":{"line":146,"column":null}}],"line":146},"22":{"loc":{"start":{"line":152,"column":44},"end":{"line":152,"column":null}},"type":"cond-expr","locations":[{"start":{"line":152,"column":55},"end":{"line":152,"column":90}},{"start":{"line":152,"column":90},"end":{"line":152,"column":null}}],"line":152},"23":{"loc":{"start":{"line":160,"column":9},"end":{"line":168,"column":null}},"type":"binary-expr","locations":[{"start":{"line":160,"column":9},"end":{"line":160,"column":null}},{"start":{"line":161,"column":10},"end":{"line":168,"column":null}}],"line":160},"24":{"loc":{"start":{"line":171,"column":9},"end":{"line":178,"column":null}},"type":"binary-expr","locations":[{"start":{"line":171,"column":9},"end":{"line":171,"column":28}},{"start":{"line":171,"column":28},"end":{"line":171,"column":50}},{"start":{"line":171,"column":50},"end":{"line":171,"column":63}},{"start":{"line":171,"column":63},"end":{"line":171,"column":null}},{"start":{"line":172,"column":10},"end":{"line":178,"column":null}}],"line":171},"25":{"loc":{"start":{"line":175,"column":23},"end":{"line":175,"column":null}},"type":"cond-expr","locations":[{"start":{"line":175,"column":49},"end":{"line":175,"column":72}},{"start":{"line":175,"column":72},"end":{"line":175,"column":null}}],"line":175},"26":{"loc":{"start":{"line":181,"column":9},"end":{"line":234,"column":null}},"type":"binary-expr","locations":[{"start":{"line":181,"column":9},"end":{"line":181,"column":28}},{"start":{"line":181,"column":28},"end":{"line":181,"column":49}},{"start":{"line":181,"column":49},"end":{"line":181,"column":null}},{"start":{"line":182,"column":10},"end":{"line":234,"column":null}}],"line":181},"27":{"loc":{"start":{"line":196,"column":17},"end":{"line":203,"column":null}},"type":"cond-expr","locations":[{"start":{"line":197,"column":18},"end":{"line":203,"column":19}},{"start":{"line":203,"column"
[...]
,"C:\\Universidad\\ProyectoIntegrador\\2026-animal-health-fe\\src\\services\\vaccineService.js": {"path":"C:\\Universidad\\ProyectoIntegrador\\2026-animal-health-fe\\src\\services\\vaccineService.js","statementMap":{"0":{"start":{"line":12,"column":6},"end":{"line":12,"column":null}},"1":{"start":{"line":12,"column":30},"end":{"line":12,"column":null}},"2":{"start":{"line":20,"column":19},"end":{"line":20,"column":null}},"3":{"start":{"line":21,"column":2},"end":{"line":21,"column":null}},"4":{"start":{"line":36,"column":19},"end":{"line":36,"column":null}},"5":{"start":{"line":37,"column":2},"end":{"line":37,"column":null}}},"fnMap":{"0":{"name":"(anonymous_0)","decl":{"start":{"line":12,"column":6},"end":{"line":12,"column":20}},"loc":{"start":{"line":12,"column":30},"end":{"line":12,"column":null}},"line":12},"1":{"name":"getVaccines","decl":{"start":{"line":19,"column":22},"end":{"line":19,"column":34}},"loc":{"start":{"line":19,"column":41},"end":{"line":22,"column":null}},"line":19},"2":{"name":"addVaccine","decl":{"start":{"line":35,"column":22},"end":{"line":35,"column":33}},"loc":{"start":{"line":35,"column":53},"end":{"line":38,"column":null}},"line":35}},"branchMap":{},"s":{"0":1,"1":3,"2":2,"3":2,"4":1,"5":1},"f":{"0":3,"1":2,"2":1},"b":{},"meta":{"lastBranch":0,"lastFunction":3,"lastStatement":6,"seen":{"s:12:6:12:Infinity":0,"f:12:6:12:20":0,"s:12:30:12:Infinity":1,"f:19:22:19:34":1,"s:20:19:20:Infinity":2,"s:21:2:21:Infinity":3,"f:35:22:35:33":2,"s:36:19:36:Infinity":4,"s:37:2:37:Infinity":5},"fnNames":{}}}
,"C:\\Universidad\\ProyectoIntegrador\\2026-animal-health-fe\\src\\stores\\useAuthStore.js": {"path":"C:\\Universidad\\ProyectoIntegrador\\2026-animal-health-fe\\src\\stores\\useAuthStore.js","statementMap":{"0":{"start":{"line":3,"column":6},"end":{"line":9,"column":null}},"1":{"start":{"line":4,"column":2},"end":{"line":8,"column":null}},"2":{"start":{"line":5,"column":4},"end":{"line":5,"column":null}},"3":{"start":{"line":7,"column":4},"end":{"line":7,"column":null}},"4":{"start":{"line":11,"column":23},"end":{"line":11,"column":null}},"5":{"start":{"line":17,"column":21},"end":{"line":74,"column":null}},"6":{"start":{"line":17,"column":38},"end":{"line":74,"column":2}},"7":{"start":{"line":26,"column":21},"end":{"line":34,"column":null}},"8":{"start":{"line":27,"column":20},"end":{"line":31,"column":null}},"9":{"start":{"line":32,"column":4},"end":{"line":32,"column":null}},"10":{"start":{"line":33,"column":4},"end":{"line":33,"column":null}},"11":{"start":{"line":36,"column":4},"end":{"line":40,"column":null}},"12":{"start":{"line":37,"column":6},"end":{"line":37,"column":null}},"13":{"start":{"line":39,"column":6},"end":{"line":39,"column":null}},"14":{"start":{"line":41,"column":4},"end":{"line":41,"column":null}},"15":{"start":{"line":43,"column":21},"end":{"line":43,"column":null}},"16":{"start":{"line":46,"column":20},"end":{"line":46,"column":null}},"17":{"start":{"line":47,"column":4},"end":{"line":47,"column":null}},"18":{"start":{"line":48,"column":4},"end":{"line":48,"column":null}},"19":{"start":{"line":49,"column":4},"end":{"line":49,"column":null}},"20":{"start":{"line":53,"column":18},"end":{"line":53,"column":null}},"21":{"start":{"line":54,"column":4},"end":{"line":57,"column":null}},"22":{"start":{"line":55,"column":6},"end":{"line":55,"column":null}},"23":{"start":{"line":56,"column":6},"end":{"line":56,"column":null}},"24":{"start":{"line":58,"column":20},"end":{"line":58,"column":null}},"25":{"start":{"line":59,"column":4},"end":{"line":59,"column":null}},"26":{"start":{"line":60,"column":4},"end":{"line":60,"column":null}},"27":{"start":{"line":64,"column":4},"end":{"line":64,"column":null}},"28":{"start":{"line":65,"column":4},"end":{"line":65,"column":null}},"29":{"start":{"line":66,"column":4},"end":{"line":66,"column":null}},"30":{"start":{"line":70,"column":4},"end":{"line":70,"column":null}},"31":{"start":{"line":71,"column":4},"end":{"line":71,"column":null}},"32":{"start":{"line":72,"column":4},"end":{"line":72,"column":null}}},"fnMap":{"0":{"name":"(anonymous_0)","decl":{"start":{"line":3,"column":6},"end":{"line":3,"column":32}},"loc":{"start":{"line":3,"column":32},"end":{"line":9,"column":null}},"line":3},"1":{"name":"(anonymous_1)","decl":{"start":{"line":17,"column":21},"end":{"line":17,"column":29}},"loc":{"start":{"line":17,"column":38},"end":{"line":74,"column":2}},"line":17},"2":{"name":"(anonymous_2)","decl":{"start":{"line":26,"column":2},"end":{"line":26,"column":12}},"loc":{"start":{"line":26,"column":21},"end":{"line":34,"column":null}},"line":26},"3":{"name":"(anonymous_3)","decl":{"start":{"line":26,"column":21},"end":{"line":26,"column":26}},"loc":{"start":{"line":26,"column":36},"end":{"line":34,"column":3}},"line":26},"4":{"name":"(anonymous_4)","decl":{"start":{"line":35,"column":2},"end":{"line":35,"column":13}},"loc":{"start":{"line":35,"column":23},"end":{"line":42,"column":null}},"line":35},"5":{"name":"(anonymous_5)","decl":{"start":{"line":43,"column":2},"end":{"line":43,"column":12}},"loc":{"start":{"line":43,"column":21},"end":{"line":43,"column":null}},"line":43},"6":{"name":"(anonymous_6)","decl":{"start":{"line":45,"column":2},"end":{"line":45,"column":15}},"loc":{"start":{"line":45,"column":35},"end":{"line":50,"column":null}},"line":45},"7":{"name":"(anonymous_7)","decl":{"start":{"line":52,"column":2},"end":{"line":52,"column":19}},"loc":{"start":{"line":52,"column":28},"end":{"line":61,"column":null}},"line":52},"8":{"name":"(anonymous_8)","decl":{"start":{"line":63,"column":2},"end":{"line":63,"column":23}},"loc":{"start":{"line":63,"column":23},"end":{"line":67,"column":null}},"line":63},"9":{"name":"(anonymous_9)","decl":{"start":{"line":69,"column":2},"end":{"line":69,"column":16}},"loc":{"start":{"line":69,"column":16},"end":{"line":73,"column":null}},"line":69}},"branchMap":{"0":{"loc":{"start":{"line":5,"column":11},"end":{"line":5,"column":null}},"type":"binary-expr","locations":[{"start":{"line":5,"column":11},"end":{"line":5,"column":63}},{"start":{"line":5,"column":63},"end":{"line":5,"column":null}}],"line":5},"1":{"loc":{"start":{"line":18,"column":8},"end":{"line":18,"column":null}},"type":"binary-expr","locations":[{"start":{"line":18,"column":8},"end":{"line":18,"column":31}},{"start":{"line":18,"column":31},"end":{"line":18,"column":null}}],"line":18},"2":{"loc":{"start":{"line":19,"column":9},"end":{"line":19,"column":null}},"type":"binary-expr","locations":[{"start":{"line":19,"column":9},"end":{"line":19,"column":33}},{"start":{"line":19,"column":33},"end":{"line":19,"column":null}}],"line":19},"3":{"loc":{"start":{"line":20,"column":8},"end":{"line":20,"column":null}},"type":"binary-expr","locations":[{"start":{"line":20,"column":8},"end":{"line":20,"column":31}},{"start":{"line":20,"column":31},"end":{"line":20,"column":null}}],"line":20},"4":{"loc":{"start":{"line":21,"column":14},"end":{"line":23,"column":null}},"type":"cond-expr","locations":[{"start":{"line":22,"column":6},"end":{"line":22,"column":null}},{"start":{"line":23,"column":6},"end":{"line":23,"column":null}}],"line":21},"5":{"loc":{"start":{"line":21,"column":14},"end":{"line":21,"column":null}},"type":"binary-expr","locations":[{"start":{"line":21,"column":14},"end":{"line":21,"column":38}},{"start":{"line":21,"column":38},"end":{"line":21,"column":null}}],"line":21},"6":{"loc":{"start":{"line":30,"column":12},"end":{"line":30,"column":null}},"type":"binary-expr","locations":[{"start":{"line":30,"column":12},"end":{"line":30,"column":26}},{"start":{"line":30,"column":26},"end":{"line":30,"column":null}}],"line":30},"7":{"loc":{"start":{"line":36,"column":4},"end":{"line":40,"column":null}},"type":"if","locations":[{"start":{"line":36,"column":4},"end":{"line":40,"column":null}},{"start":{"line":38,"column":11},"end":{"line":40,"column":null}}],"line":36},"8":{"loc":{"start":{"line":54,"column":4},"end":{"line":57,"column":null}},"type":"if","locations":[{"start":{"line":54,"column":4},"end":{"line":57,"column":null}},{"start":{},"end":{}}],"line":54}},"s":{"0":14,"1":14,"2":14,"3":1,"4":14,"5":14,"6":14,"7":2,"8":2,"9":2,"10":2,"11":2,"12":1,"13":1,"14":2,"15":1,"16":4,"17":4,"18":4,"19":4,"20":2,"21":2,"22":1,"23":1,"24":1,"25":1,"26":1,"27":1,"28":1,"29":1,"30":14,"31":14,"32":14},"f":{"0":14,"1":14,"2":2,"3":2,"4":2,"5":1,"6":4,"7":2,"8":1,"9":14},"b":{"0":[14,13],"1":[14,14],"2":[14,14],"3":[14,14],"4":[1,13],"5":[14,14],"6":[2,1],"7":[1,1],"8":[1,1]},"meta":{"lastBranch":9,"lastFunction":10,"lastStatement":33,"seen":{"s:3:6:9:Infinity":0,"f:3:6:3:32":0,"s:4:2:8:Infinity":1,"s:5:4:5:Infinity":2,"b:5:11:5:63:5:63:5:Infinity":0,"s:7:4:7:Infinity":3,"s:11:23:11:Infinity":4,"s:17:21:74:Infinity":5,"f:17:21:17:29":1,"s:17:38:74:2":6,"b:18:8:18:31:18:31:18:Infinity":1,"b:19:9:19:33:19:33:19:Infinity":2,"b:20:8:20:31:20:31:20:Infinity":3,"b:22:6:22:Infinity:23:6:23:Infinity":4,"b:21:14:21:38:21:38:21:Infinity":5,"f:26:2:26:12":2,"s:26:21:34:Infinity":7,"f:26:21:26:26":3,"s:27:20:31:Infinity":8,"b:30:12:30:26:30:26:30:Infinity":6,"s:32:4:32:Infinity":9,"s:33:4:33:Infinity":10,"f:35:2:35:13":4,"b:36:4:40:Infinity:38:11:40:Infinity":7,"s:36:4:40:Infinity":11,"s:37:6:37:Infinity":12,"s:39:6:39:Infinity":13,"s:41:4:41:Infinity":14,"f:43:2:43:12":5,"s:43:21:43:Infinity":15,"f:45:2:45:15":6,"s:46:20:46:Infinity":16,"s:47:4:47:Infinity":17,"s:48:4:48:Infinity":18,"s:49:4:49:Infinity":19,"f:52:2:52:19":7,"s:53:18:53:Infinity":20,"b:54:4:57:Infinity:undefined:undefined:undefined:undefined":8,"s:54:4:57:Infinity":21,"s:55:6:55:Infinity":22,"s:56:6:56:Infinity":23,"s:58:20:58:Infinity":24,"s:59:4:59:Infinity":25,"s:60:4:60:Infinity":26,"f:63:2:63:23":8,"s:64:4:64:Infinity":27,"s:65:4:65:Infinity":28,"s:66:4:66:Infinity":29,"f:69:2:69:16":9,"s:70:4:70:Infinity":30,"s:71:4:71:Infinity":31,"s:72:4:72:Infinity":32},"fnNames":{}}}
,"C:\\Universidad\\ProyectoIntegrador\\2026-animal-health-fe\\src\\stores\\useLanguageStore.js": {"path":"C:\\Universidad\\ProyectoIntegrador\\2026-animal-health-fe\\src\\stores\\useLanguageStore.js","statementMap":{"0":{"start":{"line":5,"column":20},"end":{"line":5,"column":null}},"1":{"start":{"line":8,"column":25},"end":{"line":8,"column":null}},"2":{"start":{"line":9,"column":2},"end":{"line":11,"column":null}},"3":{"start":{"line":10,"column":4},"end":{"line":10,"column":null}},"4":{"start":{"line":12,"column":2},"end":{"line":12,"column":null}},"5":{"start":{"line":15,"column":25},"end":{"line":21,"column":null}},"6":{"start":{"line":15,"column":42},"end":{"line":21,"column":2}},"7":{"start":{"line":18,"column":4},"end":{"line":18,"column":null}},"8":{"start":{"line":19,"column":4},"end":{"line":19,"column":null}}},"fnMap":{"0":{"name":"getInitialLanguage","decl":{"start":{"line":7,"column":9},"end":{"line":7,"column":30}},"loc":{"start":{"line":7,"column":30},"end":{"line":13,"column":null}},"line":7},"1":{"name":"(anonymous_1)","decl":{"start":{"line":15,"column":25},"end":{"line":15,"column":33}},"loc":{"start":{"line":15,"column":42},"end":{"line":21,"column":2}},"line":15},"2":{"name":"(anonymous_2)","decl":{"start":{"line":17,"column":2},"end":{"line":17,"column":16}},"loc":{"start":{"line":17,"column":29},"end":{"line":20,"column":null}},"line":17}},"branchMap":{"0":{"loc":{"start":{"line":9,"column":2},"end":{"line":11,"column":null}},"type":"if","locations":[{"start":{"line":9,"column":2},"end":{"line":11,"column":null}},{"start":{},"end":{}}],"line":9},"1":{"loc":{"start":{"line":9,"column":6},"end":{"line":9,"column":74}},"type":"binary-expr","locations":[{"start":{"line":9,"column":6},"end":{"line":9,"column":41}},{"start":{"line":9,"column":41},"end":{"line":9,"column":74}}],"line":9}},"s":{"0":19,"1":19,"2":19,"3":1,"4":18,"5":19,"6":19,"7":2,"8":2},"f":{"0":19,"1":19,"2":2},"b":{"0":[1,18],"1":[19,18]},"meta":{"lastBranch":2,"lastFunction":3,"lastStatement":9,"seen":{"s:5:20:5:Infinity":0,"f:7:9:7:30":0,"s:8:25:8:Infinity":1,"b:9:2:11:Infinity:undefined:undefined:undefined:undefined":0,"s:9:2:11:Infinity":2,"b:9:6:9:41:9:41:9:74":1,"s:10:4:10:Infinity":3,"s:12:2:12:Infinity":4,"s:15:25:21:Infinity":5,"f:15:25:15:33":1,"s:15:42:21:2":6,"f:17:2:17:16":2,"s:18:4:18:Infinity":7,"s:19:4:19:Infinity":8},"fnNames":{}}}
,"C:\\Universidad\\ProyectoIntegrador\\2026-animal-health-fe\\src\\utils\\roleRedirect.js": {"path":"C:\\Universidad\\ProyectoIntegrador\\2026-animal-health-fe\\src\\utils\\roleRedirect.js","statementMap":{"0":{"start":{"line":5,"column":2},"end":{"line":5,"column":null}},"1":{"start":{"line":5,"column":40},"end":{"line":5,"column":null}},"2":{"start":{"line":6,"column":2},"end":{"line":6,"column":null}},"3":{"start":{"line":6,"column":33},"end":{"line":6,"column":null}},"4":{"start":{"line":7,"column":2},"end":{"line":7,"column":null}}},"fnMap":{"0":{"name":"getHomeRouteByRole","decl":{"start":{"line":4,"column":16},"end":{"line":4,"column":35}},"loc":{"start":{"line":4,"column":41},"end":{"line":8,"column":null}},"line":4}},"branchMap":{"0":{"loc":{"start":{"line":5,"column":2},"end":{"line":5,"column":null}},"type":"if","locations":[{"start":{"line":5,"column":2},"end":{"line":5,"column":null}},{"start":{},"end":{}}],"line":5},"1":{"loc":{"start":{"line":6,"column":2},"end":{"line":6,"column":null}},"type":"if","locations":[{"start":{"line":6,"column":2},"end":{"line":6,"column":null}},{"start":{},"end":{}}],"line":6}},"s":{"0":5,"1":2,"2":3,"3":0,"4":3},"f":{"0":5},"b":{"0":[2,3],"1":[0,3]},"meta":{"lastBranch":2,"lastFunction":1,"lastStatement":5,"seen":{"f:4:16:4:35":0,"b:5:2:5:Infinity:undefined:undefined:undefined:undefined":0,"s:5:2:5:Infinity":0,"s:5:40:5:Infinity":1,"b:6:2:6:Infinity:undefined:undefined:undefined:undefined":1,"s:6:2:6:Infinity":2,"s:6:33:6:Infinity":3,"s:7:2:7:Infinity":4},"fnNames":{}}}
,"C:\\Universidad\\ProyectoIntegrador\\2026-animal-health-fe\\src\\validations\\petSchema.js": {"path":"C:\\Universidad\\ProyectoIntegrador\\2026-animal-health-fe\\src\\validations\\petSchema.js","statementMap":{"0":{"start":{"line":7,"column":25},"end":{"line":67,"column":null}},"1":{"start":{"line":17,"column":17},"end":{"line":17,"column":null}},"2":{"start":{"line":21,"column":17},"end":{"line":21,"column":null}},"3":{"start":{"line":29,"column":17},"end":{"line":32,"column":null}},"4":{"start":{"line":39,"column":23},"end":{"line":39,"column":59}},"5":{"start":{"line":53,"column":6},"end":{"line":53,"column":null}},"6":{"start":{"line":53,"column":59},"end":{"line":53,"column":null}},"7":{"start":{"line":54,"column":6},"end":{"line":54,"column":null}},"8":{"start":{"line":56,"column":21},"end":{"line":56,"column":43}},"9":{"start":{"line":57,"column":21},"end":{"line":57,"column":30}},"10":{"start":{"line":58,"column":21},"end":{"line":58,"column":33}},"11":{"start":{"line":60,"column":2},"end":{"line":66,"column":null}},"12":{"start":{"line":61,"column":4},"end":{"line":65,"column":null}}},"fnMap":{"0":{"name":"(anonymous_0)","decl":{"start":{"line":16,"column":5},"end":{"line":16,"column":null}},"loc":{"start":{"line":17,"column":17},"end":{"line":17,"column":null}},"line":17},"1":{"name":"(anonymous_1)","decl":{"start":{"line":20,"column":5},"end":{"line":20,"column":null}},"loc":{"start":{"line":21,"column":17},"end":{"line":21,"column":null}},"line":21},"2":{"name":"(anonymous_2)","decl":{"start":{"line":28,"column":5},"end":{"line":28,"column":null}},"loc":{"start":{"line":29,"column":17},"end":{"line":32,"column":null}},"line":29},"3":{"name":"(anonymous_3)","decl":{"start":{"line":39,"column":5},"end":{"line":39,"column":13}},"loc":{"start":{"line":39,"column":23},"end":{"line":39,"column":59}},"line":39},"4":{"name":"(anonymous_4)","decl":{"start":{"line":52,"column":5},"end":{"line":52,"column":16}},"loc":{"start":{"line":52,"column":24},"end":{"line":55,"column":5}},"line":52},"5":{"name":"(anonymous_5)","decl":{"start":{"line":56,"column":5},"end":{"line":56,"column":13}},"loc":{"start":{"line":56,"column":21},"end":{"line":56,"column":43}},"line":56},"6":{"name":"(anonymous_6)","decl":{"start":{"line":57,"column":5},"end":{"line":57,"column":13}},"loc":{"start":{"line":57,"column":21},"end":{"line":57,"column":30}},"line":57},"7":{"name":"(anonymous_7)","decl":{"start":{"line":58,"column":5},"end":{"line":58,"column":13}},"loc":{"start":{"line":58,"column":21},"end":{"line":58,"column":33}},"line":58},"8":{"name":"(anonymous_8)","decl":{"start":{"line":59,"column":3},"end":{"line":59,"column":16}},"loc":{"start":{"line":59,"column":34},"end":{"line":67,"column":1}},"line":59}},"branchMap":{"0":{"loc":{"start":{"line":53,"column":6},"end":{"line":53,"column":null}},"type":"if","locations":[{"start":{"line":53,"column":6},"end":{"line":53,"column":null}},{"start":{},"end":{}}],"line":53},"1":{"loc":{"start":{"line":53,"column":10},"end":{"line":53,"column":59}},"type":"binary-expr","locations":[{"start":{"line":53,"column":10},"end":{"line":53,"column":24}},{"start":{"line":53,"column":24},"end":{"line":53,"column":40}},{"start":{"line":53,"column":40},"end":{"line":53,"column":59}}],"line":53},"2":{"loc":{"start":{"line":60,"column":2},"end":{"line":66,"column":null}},"type":"if","locations":[{"start":{"line":60,"column":2},"end":{"line":66,"column":null}},{"start":{},"end":{}}],"line":60},"3":{"loc":{"start":{"line":60,"column":6},"end":{"line":60,"column":57}},"type":"binary-expr","locations":[{"start":{"line":60,"column":6},"end":{"line":60,"column":26}},{"start":{"line":60,"column":26},"end":{"line":60,"column":57}}],"line":60}},"s":{"0":4,"1":9,"2":9,"3":9,"4":9,"5":9,"6":1,"7":8,"8":9,"9":9,"10":9,"11":9,"12":1},"f":{"0":9,"1":9,"2":9,"3":9,"4":9,"5":9,"6":9,"7":9,"8":9},"b":{"0":[1,8],"1":[9,8,8],"2":[1,8],"3":[9,2]},"meta":{"lastBranch":4,"lastFunction":9,"lastStatement":13,"seen":{"s:7:25:67:Infinity":0,"f:16:5:16:Infinity":0,"s:17:17:17:Infinity":1,"f:20:5:20:Infinity":1,"s:21:17:21:Infinity":2,"f:28:5:28:Infinity":2,"s:29:17:32:Infinity":3,"f:39:5:39:13":3,"s:39:23:39:59":4,"f:52:5:52:16":4,"b:53:6:53:Infinity:undefined:undefined:undefined:undefined":0,"s:53:6:53:Infinity":5,"b:53:10:53:24:53:24:53:40:53:40:53:59":1,"s:53:59:53:Infinity":6,"s:54:6:54:Infinity":7,"f:56:5:56:13":5,"s:56:21:56:43":8,"f:57:5:57:13":6,"s:57:21:57:30":9,"f:58:5:58:13":7,"s:58:21:58:33":10,"f:59:3:59:16":8,"b:60:2:66:Infinity:undefined:undefined:undefined:undefined":2,"s:60:2:66:Infinity":11,"b:60:6:60:26:60:26:60:57":3,"s:61:4:65:Infinity":12},"fnNames":{}}}
}
